<?xml version="1.0" encoding="UTF-8"?>
<!-- Generated by org.testng.reporters.JUnitXMLReporter -->
<testsuite ignored="1" hostname="ISHLTP116" failures="0" tests="9" name="Command line test" time="17.242" errors="0" timestamp="2021-11-10T22:31:38 IST">
  <testcase classname="com.excellence.qa.testcases.DashboardPageTest" name="@BeforeMethod setup" time="7.052">
    <failure type="org.openqa.selenium.SessionNotCreatedException" message="session not created: This version of ChromeDriver only supports Chrome version 93
Current browser version is 95.0.4638.69 with binary path C:\Program Files (x86)\Google\Chrome\Application\chrome.exe
Build info: version: &amp;apos;3.5.3&amp;apos;, revision: &amp;apos;a88d25fe6b&amp;apos;, time: &amp;apos;2017-08-29T12:42:44.417Z&amp;apos;
System info: host: &amp;apos;ISHLTP116&amp;apos;, ip: &amp;apos;192.168.29.131&amp;apos;, os.name: &amp;apos;Windows 10&amp;apos;, os.arch: &amp;apos;amd64&amp;apos;, os.version: &amp;apos;10.0&amp;apos;, java.version: &amp;apos;11.0.10&amp;apos;
Driver info: driver.version: ChromeDriver
remote stacktrace: Backtrace:
	Ordinal0 [0x005FD403+2479107]
	Ordinal0 [0x00597D51+2063697]
	Ordinal0 [0x004A20C8+1056968]
	Ordinal0 [0x004C043A+1180730]
	Ordinal0 [0x004BC355+1164117]
	Ordinal0 [0x004B9B7F+1153919]
	Ordinal0 [0x004E9CBF+1350847]
	Ordinal0 [0x004E992A+1349930]
	Ordinal0 [0x004E583B+1333307]
	Ordinal0 [0x004C1F94+1187732]
	Ordinal0 [0x004C2DE9+1191401]
	GetHandleVerifier [0x0077F3F6+1531734]
	GetHandleVerifier [0x0082E9AE+2249998]
	GetHandleVerifier [0x006839AB+501003]
	GetHandleVerifier [0x00682A29+497033]
	Ordinal0 [0x0059D11D+2085149]
	Ordinal0 [0x005A11C8+2101704]
	Ordinal0 [0x005A1302+2102018]
	Ordinal0 [0x005AAA71+2140785]
	BaseThreadInitThunk [0x7659FA29+25]
	RtlGetAppContainerNamedObjectPath [0x76F27A9E+286]
	RtlGetAppContainerNamedObjectPath [0x76F27A6E+238]
">
      <![CDATA[org.openqa.selenium.SessionNotCreatedException: session not created: This version of ChromeDriver only supports Chrome version 93
Current browser version is 95.0.4638.69 with binary path C:\Program Files (x86)\Google\Chrome\Application\chrome.exe
Build info: version: '3.5.3', revision: 'a88d25fe6b', time: '2017-08-29T12:42:44.417Z'
System info: host: 'ISHLTP116', ip: '192.168.29.131', os.name: 'Windows 10', os.arch: 'amd64', os.version: '10.0', java.version: '11.0.10'
Driver info: driver.version: ChromeDriver
remote stacktrace: Backtrace:
Ordinal0 [0x005FD403+2479107]
Ordinal0 [0x00597D51+2063697]
Ordinal0 [0x004A20C8+1056968]
Ordinal0 [0x004C043A+1180730]
Ordinal0 [0x004BC355+1164117]
Ordinal0 [0x004B9B7F+1153919]
Ordinal0 [0x004E9CBF+1350847]
Ordinal0 [0x004E992A+1349930]
Ordinal0 [0x004E583B+1333307]
Ordinal0 [0x004C1F94+1187732]
Ordinal0 [0x004C2DE9+1191401]
GetHandleVerifier [0x0077F3F6+1531734]
GetHandleVerifier [0x0082E9AE+2249998]
GetHandleVerifier [0x006839AB+501003]
GetHandleVerifier [0x00682A29+497033]
Ordinal0 [0x0059D11D+2085149]
Ordinal0 [0x005A11C8+2101704]
Ordinal0 [0x005A1302+2102018]
Ordinal0 [0x005AAA71+2140785]
BaseThreadInitThunk [0x7659FA29+25]
RtlGetAppContainerNamedObjectPath [0x76F27A9E+286]
RtlGetAppContainerNamedObjectPath [0x76F27A6E+238]

at org.openqa.selenium.remote.W3CHandshakeResponse.lambda$new$0(W3CHandshakeResponse.java:57)
at org.openqa.selenium.remote.W3CHandshakeResponse.lambda$getResponseFunction$2(W3CHandshakeResponse.java:104)
at org.openqa.selenium.remote.ProtocolHandshake.lambda$createSession$24(ProtocolHandshake.java:359)
at java.base/java.util.stream.ReferencePipeline$3$1.accept(ReferencePipeline.java:195)
at java.base/java.util.Spliterators$ArraySpliterator.tryAdvance(Spliterators.java:958)
at java.base/java.util.stream.ReferencePipeline.forEachWithCancel(ReferencePipeline.java:127)
at java.base/java.util.stream.AbstractPipeline.copyIntoWithCancel(AbstractPipeline.java:502)
at java.base/java.util.stream.AbstractPipeline.copyInto(AbstractPipeline.java:488)
at java.base/java.util.stream.AbstractPipeline.wrapAndCopyInto(AbstractPipeline.java:474)
at java.base/java.util.stream.FindOps$FindOp.evaluateSequential(FindOps.java:150)
at java.base/java.util.stream.AbstractPipeline.evaluate(AbstractPipeline.java:234)
at java.base/java.util.stream.ReferencePipeline.findFirst(ReferencePipeline.java:543)
at org.openqa.selenium.remote.ProtocolHandshake.createSession(ProtocolHandshake.java:362)
at org.openqa.selenium.remote.ProtocolHandshake.createSession(ProtocolHandshake.java:136)
at org.openqa.selenium.remote.HttpCommandExecutor.execute(HttpCommandExecutor.java:142)
at org.openqa.selenium.remote.service.DriverCommandExecutor.execute(DriverCommandExecutor.java:82)
at org.openqa.selenium.remote.RemoteWebDriver.execute(RemoteWebDriver.java:646)
at org.openqa.selenium.remote.RemoteWebDriver.startSession(RemoteWebDriver.java:255)
at org.openqa.selenium.remote.RemoteWebDriver.startSession(RemoteWebDriver.java:237)
at org.openqa.selenium.remote.RemoteWebDriver.<init>(RemoteWebDriver.java:138)
at org.openqa.selenium.chrome.ChromeDriver.<init>(ChromeDriver.java:178)
at org.openqa.selenium.chrome.ChromeDriver.<init>(ChromeDriver.java:167)
at org.openqa.selenium.chrome.ChromeDriver.<init>(ChromeDriver.java:124)
at com.excellence.qa.base.BaseClass.initialization(BaseClass.java:73)
at com.excellence.qa.testcases.DashboardPageTest.setup(DashboardPageTest.java:33)
at java.base/java.util.ArrayList.forEach(ArrayList.java:1541)
... Removed 45 stack frames]]>
    </failure>
  </testcase> <!-- @BeforeMethod setup -->
  <testcase classname="com.excellence.qa.testcases.DashboardPageTest" name="@AfterMethod closeBrowser" time="-1.636563688423E9">
    <skipped/>
  </testcase> <!-- @AfterMethod closeBrowser -->
  <testcase classname="com.excellence.qa.testcases.DashboardPageTest" name="@BeforeMethod setup" time="-1.636563688427E9">
    <skipped/>
  </testcase> <!-- @BeforeMethod setup -->
  <testcase classname="com.excellence.qa.testcases.DashboardPageTest" name="@AfterMethod closeBrowser" time="-1.636563688437E9">
    <skipped/>
  </testcase> <!-- @AfterMethod closeBrowser -->
  <testcase classname="com.excellence.qa.testcases.HolidayCalenderPageTest" name="@BeforeMethod setup" time="1.817">
    <failure type="org.openqa.selenium.SessionNotCreatedException" message="session not created: This version of ChromeDriver only supports Chrome version 93
Current browser version is 95.0.4638.69 with binary path C:\Program Files (x86)\Google\Chrome\Application\chrome.exe
Build info: version: &amp;apos;3.5.3&amp;apos;, revision: &amp;apos;a88d25fe6b&amp;apos;, time: &amp;apos;2017-08-29T12:42:44.417Z&amp;apos;
System info: host: &amp;apos;ISHLTP116&amp;apos;, ip: &amp;apos;192.168.29.131&amp;apos;, os.name: &amp;apos;Windows 10&amp;apos;, os.arch: &amp;apos;amd64&amp;apos;, os.version: &amp;apos;10.0&amp;apos;, java.version: &amp;apos;11.0.10&amp;apos;
Driver info: driver.version: ChromeDriver
remote stacktrace: Backtrace:
	Ordinal0 [0x005FD403+2479107]
	Ordinal0 [0x00597D51+2063697]
	Ordinal0 [0x004A20C8+1056968]
	Ordinal0 [0x004C043A+1180730]
	Ordinal0 [0x004BC355+1164117]
	Ordinal0 [0x004B9B7F+1153919]
	Ordinal0 [0x004E9CBF+1350847]
	Ordinal0 [0x004E992A+1349930]
	Ordinal0 [0x004E583B+1333307]
	Ordinal0 [0x004C1F94+1187732]
	Ordinal0 [0x004C2DE9+1191401]
	GetHandleVerifier [0x0077F3F6+1531734]
	GetHandleVerifier [0x0082E9AE+2249998]
	GetHandleVerifier [0x006839AB+501003]
	GetHandleVerifier [0x00682A29+497033]
	Ordinal0 [0x0059D11D+2085149]
	Ordinal0 [0x005A11C8+2101704]
	Ordinal0 [0x005A1302+2102018]
	Ordinal0 [0x005AAA71+2140785]
	BaseThreadInitThunk [0x7659FA29+25]
	RtlGetAppContainerNamedObjectPath [0x76F27A9E+286]
	RtlGetAppContainerNamedObjectPath [0x76F27A6E+238]
">
      <![CDATA[org.openqa.selenium.SessionNotCreatedException: session not created: This version of ChromeDriver only supports Chrome version 93
Current browser version is 95.0.4638.69 with binary path C:\Program Files (x86)\Google\Chrome\Application\chrome.exe
Build info: version: '3.5.3', revision: 'a88d25fe6b', time: '2017-08-29T12:42:44.417Z'
System info: host: 'ISHLTP116', ip: '192.168.29.131', os.name: 'Windows 10', os.arch: 'amd64', os.version: '10.0', java.version: '11.0.10'
Driver info: driver.version: ChromeDriver
remote stacktrace: Backtrace:
Ordinal0 [0x005FD403+2479107]
Ordinal0 [0x00597D51+2063697]
Ordinal0 [0x004A20C8+1056968]
Ordinal0 [0x004C043A+1180730]
Ordinal0 [0x004BC355+1164117]
Ordinal0 [0x004B9B7F+1153919]
Ordinal0 [0x004E9CBF+1350847]
Ordinal0 [0x004E992A+1349930]
Ordinal0 [0x004E583B+1333307]
Ordinal0 [0x004C1F94+1187732]
Ordinal0 [0x004C2DE9+1191401]
GetHandleVerifier [0x0077F3F6+1531734]
GetHandleVerifier [0x0082E9AE+2249998]
GetHandleVerifier [0x006839AB+501003]
GetHandleVerifier [0x00682A29+497033]
Ordinal0 [0x0059D11D+2085149]
Ordinal0 [0x005A11C8+2101704]
Ordinal0 [0x005A1302+2102018]
Ordinal0 [0x005AAA71+2140785]
BaseThreadInitThunk [0x7659FA29+25]
RtlGetAppContainerNamedObjectPath [0x76F27A9E+286]
RtlGetAppContainerNamedObjectPath [0x76F27A6E+238]

at org.openqa.selenium.remote.W3CHandshakeResponse.lambda$new$0(W3CHandshakeResponse.java:57)
at org.openqa.selenium.remote.W3CHandshakeResponse.lambda$getResponseFunction$2(W3CHandshakeResponse.java:104)
at org.openqa.selenium.remote.ProtocolHandshake.lambda$createSession$24(ProtocolHandshake.java:359)
at java.base/java.util.stream.ReferencePipeline$3$1.accept(ReferencePipeline.java:195)
at java.base/java.util.Spliterators$ArraySpliterator.tryAdvance(Spliterators.java:958)
at java.base/java.util.stream.ReferencePipeline.forEachWithCancel(ReferencePipeline.java:127)
at java.base/java.util.stream.AbstractPipeline.copyIntoWithCancel(AbstractPipeline.java:502)
at java.base/java.util.stream.AbstractPipeline.copyInto(AbstractPipeline.java:488)
at java.base/java.util.stream.AbstractPipeline.wrapAndCopyInto(AbstractPipeline.java:474)
at java.base/java.util.stream.FindOps$FindOp.evaluateSequential(FindOps.java:150)
at java.base/java.util.stream.AbstractPipeline.evaluate(AbstractPipeline.java:234)
at java.base/java.util.stream.ReferencePipeline.findFirst(ReferencePipeline.java:543)
at org.openqa.selenium.remote.ProtocolHandshake.createSession(ProtocolHandshake.java:362)
at org.openqa.selenium.remote.ProtocolHandshake.createSession(ProtocolHandshake.java:136)
at org.openqa.selenium.remote.HttpCommandExecutor.execute(HttpCommandExecutor.java:142)
at org.openqa.selenium.remote.service.DriverCommandExecutor.execute(DriverCommandExecutor.java:82)
at org.openqa.selenium.remote.RemoteWebDriver.execute(RemoteWebDriver.java:646)
at org.openqa.selenium.remote.RemoteWebDriver.startSession(RemoteWebDriver.java:255)
at org.openqa.selenium.remote.RemoteWebDriver.startSession(RemoteWebDriver.java:237)
at org.openqa.selenium.remote.RemoteWebDriver.<init>(RemoteWebDriver.java:138)
at org.openqa.selenium.chrome.ChromeDriver.<init>(ChromeDriver.java:178)
at org.openqa.selenium.chrome.ChromeDriver.<init>(ChromeDriver.java:167)
at org.openqa.selenium.chrome.ChromeDriver.<init>(ChromeDriver.java:124)
at com.excellence.qa.base.BaseClass.initialization(BaseClass.java:73)
at com.excellence.qa.testcases.HolidayCalenderPageTest.setup(HolidayCalenderPageTest.java:29)
at java.base/java.util.ArrayList.forEach(ArrayList.java:1541)
... Removed 45 stack frames]]>
    </failure>
  </testcase> <!-- @BeforeMethod setup -->
  <testcase classname="com.excellence.qa.testcases.HolidayCalenderPageTest" name="@AfterMethod closeBrowser" time="-1.636563690278E9">
    <skipped/>
  </testcase> <!-- @AfterMethod closeBrowser -->
  <testcase classname="com.excellence.qa.testcases.HolidayCalenderPageTest" name="@BeforeMethod setup" time="-1.636563690281E9">
    <skipped/>
  </testcase> <!-- @BeforeMethod setup -->
  <testcase classname="com.excellence.qa.testcases.HolidayCalenderPageTest" name="@AfterMethod closeBrowser" time="-1.636563690282E9">
    <skipped/>
  </testcase> <!-- @AfterMethod closeBrowser -->
  <testcase classname="com.excellence.qa.testcases.LeaveApplicationPageTest" name="@BeforeMethod setup" time="2.123">
    <failure type="org.openqa.selenium.SessionNotCreatedException" message="session not created: This version of ChromeDriver only supports Chrome version 93
Current browser version is 95.0.4638.69 with binary path C:\Program Files (x86)\Google\Chrome\Application\chrome.exe
Build info: version: &amp;apos;3.5.3&amp;apos;, revision: &amp;apos;a88d25fe6b&amp;apos;, time: &amp;apos;2017-08-29T12:42:44.417Z&amp;apos;
System info: host: &amp;apos;ISHLTP116&amp;apos;, ip: &amp;apos;192.168.29.131&amp;apos;, os.name: &amp;apos;Windows 10&amp;apos;, os.arch: &amp;apos;amd64&amp;apos;, os.version: &amp;apos;10.0&amp;apos;, java.version: &amp;apos;11.0.10&amp;apos;
Driver info: driver.version: ChromeDriver
remote stacktrace: Backtrace:
	Ordinal0 [0x005FD403+2479107]
	Ordinal0 [0x00597D51+2063697]
	Ordinal0 [0x004A20C8+1056968]
	Ordinal0 [0x004C043A+1180730]
	Ordinal0 [0x004BC355+1164117]
	Ordinal0 [0x004B9B7F+1153919]
	Ordinal0 [0x004E9CBF+1350847]
	Ordinal0 [0x004E992A+1349930]
	Ordinal0 [0x004E583B+1333307]
	Ordinal0 [0x004C1F94+1187732]
	Ordinal0 [0x004C2DE9+1191401]
	GetHandleVerifier [0x0077F3F6+1531734]
	GetHandleVerifier [0x0082E9AE+2249998]
	GetHandleVerifier [0x006839AB+501003]
	GetHandleVerifier [0x00682A29+497033]
	Ordinal0 [0x0059D11D+2085149]
	Ordinal0 [0x005A11C8+2101704]
	Ordinal0 [0x005A1302+2102018]
	Ordinal0 [0x005AAA71+2140785]
	BaseThreadInitThunk [0x7659FA29+25]
	RtlGetAppContainerNamedObjectPath [0x76F27A9E+286]
	RtlGetAppContainerNamedObjectPath [0x76F27A6E+238]
">
      <![CDATA[org.openqa.selenium.SessionNotCreatedException: session not created: This version of ChromeDriver only supports Chrome version 93
Current browser version is 95.0.4638.69 with binary path C:\Program Files (x86)\Google\Chrome\Application\chrome.exe
Build info: version: '3.5.3', revision: 'a88d25fe6b', time: '2017-08-29T12:42:44.417Z'
System info: host: 'ISHLTP116', ip: '192.168.29.131', os.name: 'Windows 10', os.arch: 'amd64', os.version: '10.0', java.version: '11.0.10'
Driver info: driver.version: ChromeDriver
remote stacktrace: Backtrace:
Ordinal0 [0x005FD403+2479107]
Ordinal0 [0x00597D51+2063697]
Ordinal0 [0x004A20C8+1056968]
Ordinal0 [0x004C043A+1180730]
Ordinal0 [0x004BC355+1164117]
Ordinal0 [0x004B9B7F+1153919]
Ordinal0 [0x004E9CBF+1350847]
Ordinal0 [0x004E992A+1349930]
Ordinal0 [0x004E583B+1333307]
Ordinal0 [0x004C1F94+1187732]
Ordinal0 [0x004C2DE9+1191401]
GetHandleVerifier [0x0077F3F6+1531734]
GetHandleVerifier [0x0082E9AE+2249998]
GetHandleVerifier [0x006839AB+501003]
GetHandleVerifier [0x00682A29+497033]
Ordinal0 [0x0059D11D+2085149]
Ordinal0 [0x005A11C8+2101704]
Ordinal0 [0x005A1302+2102018]
Ordinal0 [0x005AAA71+2140785]
BaseThreadInitThunk [0x7659FA29+25]
RtlGetAppContainerNamedObjectPath [0x76F27A9E+286]
RtlGetAppContainerNamedObjectPath [0x76F27A6E+238]

at org.openqa.selenium.remote.W3CHandshakeResponse.lambda$new$0(W3CHandshakeResponse.java:57)
at org.openqa.selenium.remote.W3CHandshakeResponse.lambda$getResponseFunction$2(W3CHandshakeResponse.java:104)
at org.openqa.selenium.remote.ProtocolHandshake.lambda$createSession$24(ProtocolHandshake.java:359)
at java.base/java.util.stream.ReferencePipeline$3$1.accept(ReferencePipeline.java:195)
at java.base/java.util.Spliterators$ArraySpliterator.tryAdvance(Spliterators.java:958)
at java.base/java.util.stream.ReferencePipeline.forEachWithCancel(ReferencePipeline.java:127)
at java.base/java.util.stream.AbstractPipeline.copyIntoWithCancel(AbstractPipeline.java:502)
at java.base/java.util.stream.AbstractPipeline.copyInto(AbstractPipeline.java:488)
at java.base/java.util.stream.AbstractPipeline.wrapAndCopyInto(AbstractPipeline.java:474)
at java.base/java.util.stream.FindOps$FindOp.evaluateSequential(FindOps.java:150)
at java.base/java.util.stream.AbstractPipeline.evaluate(AbstractPipeline.java:234)
at java.base/java.util.stream.ReferencePipeline.findFirst(ReferencePipeline.java:543)
at org.openqa.selenium.remote.ProtocolHandshake.createSession(ProtocolHandshake.java:362)
at org.openqa.selenium.remote.ProtocolHandshake.createSession(ProtocolHandshake.java:136)
at org.openqa.selenium.remote.HttpCommandExecutor.execute(HttpCommandExecutor.java:142)
at org.openqa.selenium.remote.service.DriverCommandExecutor.execute(DriverCommandExecutor.java:82)
at org.openqa.selenium.remote.RemoteWebDriver.execute(RemoteWebDriver.java:646)
at org.openqa.selenium.remote.RemoteWebDriver.startSession(RemoteWebDriver.java:255)
at org.openqa.selenium.remote.RemoteWebDriver.startSession(RemoteWebDriver.java:237)
at org.openqa.selenium.remote.RemoteWebDriver.<init>(RemoteWebDriver.java:138)
at org.openqa.selenium.chrome.ChromeDriver.<init>(ChromeDriver.java:178)
at org.openqa.selenium.chrome.ChromeDriver.<init>(ChromeDriver.java:167)
at org.openqa.selenium.chrome.ChromeDriver.<init>(ChromeDriver.java:124)
at com.excellence.qa.base.BaseClass.initialization(BaseClass.java:73)
at com.excellence.qa.testcases.LeaveApplicationPageTest.setup(LeaveApplicationPageTest.java:32)
at java.base/java.util.ArrayList.forEach(ArrayList.java:1541)
... Removed 45 stack frames]]>
    </failure>
  </testcase> <!-- @BeforeMethod setup -->
  <testcase classname="com.excellence.qa.testcases.LeaveApplicationPageTest" name="@AfterMethod closeBrowser" time="-1.636563692414E9">
    <skipped/>
  </testcase> <!-- @AfterMethod closeBrowser -->
  <testcase classname="com.excellence.qa.testcases.LoginPageTest" name="@BeforeMethod setup" time="2.054">
    <failure type="org.openqa.selenium.SessionNotCreatedException" message="session not created: This version of ChromeDriver only supports Chrome version 93
Current browser version is 95.0.4638.69 with binary path C:\Program Files (x86)\Google\Chrome\Application\chrome.exe
Build info: version: &amp;apos;3.5.3&amp;apos;, revision: &amp;apos;a88d25fe6b&amp;apos;, time: &amp;apos;2017-08-29T12:42:44.417Z&amp;apos;
System info: host: &amp;apos;ISHLTP116&amp;apos;, ip: &amp;apos;192.168.29.131&amp;apos;, os.name: &amp;apos;Windows 10&amp;apos;, os.arch: &amp;apos;amd64&amp;apos;, os.version: &amp;apos;10.0&amp;apos;, java.version: &amp;apos;11.0.10&amp;apos;
Driver info: driver.version: ChromeDriver
remote stacktrace: Backtrace:
	Ordinal0 [0x005FD403+2479107]
	Ordinal0 [0x00597D51+2063697]
	Ordinal0 [0x004A20C8+1056968]
	Ordinal0 [0x004C043A+1180730]
	Ordinal0 [0x004BC355+1164117]
	Ordinal0 [0x004B9B7F+1153919]
	Ordinal0 [0x004E9CBF+1350847]
	Ordinal0 [0x004E992A+1349930]
	Ordinal0 [0x004E583B+1333307]
	Ordinal0 [0x004C1F94+1187732]
	Ordinal0 [0x004C2DE9+1191401]
	GetHandleVerifier [0x0077F3F6+1531734]
	GetHandleVerifier [0x0082E9AE+2249998]
	GetHandleVerifier [0x006839AB+501003]
	GetHandleVerifier [0x00682A29+497033]
	Ordinal0 [0x0059D11D+2085149]
	Ordinal0 [0x005A11C8+2101704]
	Ordinal0 [0x005A1302+2102018]
	Ordinal0 [0x005AAA71+2140785]
	BaseThreadInitThunk [0x7659FA29+25]
	RtlGetAppContainerNamedObjectPath [0x76F27A9E+286]
	RtlGetAppContainerNamedObjectPath [0x76F27A6E+238]
">
      <![CDATA[org.openqa.selenium.SessionNotCreatedException: session not created: This version of ChromeDriver only supports Chrome version 93
Current browser version is 95.0.4638.69 with binary path C:\Program Files (x86)\Google\Chrome\Application\chrome.exe
Build info: version: '3.5.3', revision: 'a88d25fe6b', time: '2017-08-29T12:42:44.417Z'
System info: host: 'ISHLTP116', ip: '192.168.29.131', os.name: 'Windows 10', os.arch: 'amd64', os.version: '10.0', java.version: '11.0.10'
Driver info: driver.version: ChromeDriver
remote stacktrace: Backtrace:
Ordinal0 [0x005FD403+2479107]
Ordinal0 [0x00597D51+2063697]
Ordinal0 [0x004A20C8+1056968]
Ordinal0 [0x004C043A+1180730]
Ordinal0 [0x004BC355+1164117]
Ordinal0 [0x004B9B7F+1153919]
Ordinal0 [0x004E9CBF+1350847]
Ordinal0 [0x004E992A+1349930]
Ordinal0 [0x004E583B+1333307]
Ordinal0 [0x004C1F94+1187732]
Ordinal0 [0x004C2DE9+1191401]
GetHandleVerifier [0x0077F3F6+1531734]
GetHandleVerifier [0x0082E9AE+2249998]
GetHandleVerifier [0x006839AB+501003]
GetHandleVerifier [0x00682A29+497033]
Ordinal0 [0x0059D11D+2085149]
Ordinal0 [0x005A11C8+2101704]
Ordinal0 [0x005A1302+2102018]
Ordinal0 [0x005AAA71+2140785]
BaseThreadInitThunk [0x7659FA29+25]
RtlGetAppContainerNamedObjectPath [0x76F27A9E+286]
RtlGetAppContainerNamedObjectPath [0x76F27A6E+238]

at org.openqa.selenium.remote.W3CHandshakeResponse.lambda$new$0(W3CHandshakeResponse.java:57)
at org.openqa.selenium.remote.W3CHandshakeResponse.lambda$getResponseFunction$2(W3CHandshakeResponse.java:104)
at org.openqa.selenium.remote.ProtocolHandshake.lambda$createSession$24(ProtocolHandshake.java:359)
at java.base/java.util.stream.ReferencePipeline$3$1.accept(ReferencePipeline.java:195)
at java.base/java.util.Spliterators$ArraySpliterator.tryAdvance(Spliterators.java:958)
at java.base/java.util.stream.ReferencePipeline.forEachWithCancel(ReferencePipeline.java:127)
at java.base/java.util.stream.AbstractPipeline.copyIntoWithCancel(AbstractPipeline.java:502)
at java.base/java.util.stream.AbstractPipeline.copyInto(AbstractPipeline.java:488)
at java.base/java.util.stream.AbstractPipeline.wrapAndCopyInto(AbstractPipeline.java:474)
at java.base/java.util.stream.FindOps$FindOp.evaluateSequential(FindOps.java:150)
at java.base/java.util.stream.AbstractPipeline.evaluate(AbstractPipeline.java:234)
at java.base/java.util.stream.ReferencePipeline.findFirst(ReferencePipeline.java:543)
at org.openqa.selenium.remote.ProtocolHandshake.createSession(ProtocolHandshake.java:362)
at org.openqa.selenium.remote.ProtocolHandshake.createSession(ProtocolHandshake.java:136)
at org.openqa.selenium.remote.HttpCommandExecutor.execute(HttpCommandExecutor.java:142)
at org.openqa.selenium.remote.service.DriverCommandExecutor.execute(DriverCommandExecutor.java:82)
at org.openqa.selenium.remote.RemoteWebDriver.execute(RemoteWebDriver.java:646)
at org.openqa.selenium.remote.RemoteWebDriver.startSession(RemoteWebDriver.java:255)
at org.openqa.selenium.remote.RemoteWebDriver.startSession(RemoteWebDriver.java:237)
at org.openqa.selenium.remote.RemoteWebDriver.<init>(RemoteWebDriver.java:138)
at org.openqa.selenium.chrome.ChromeDriver.<init>(ChromeDriver.java:178)
at org.openqa.selenium.chrome.ChromeDriver.<init>(ChromeDriver.java:167)
at org.openqa.selenium.chrome.ChromeDriver.<init>(ChromeDriver.java:124)
at com.excellence.qa.base.BaseClass.initialization(BaseClass.java:73)
at com.excellence.qa.testcases.LoginPageTest.setup(LoginPageTest.java:29)
at java.base/java.util.ArrayList.forEach(ArrayList.java:1541)
... Removed 45 stack frames]]>
    </failure>
  </testcase> <!-- @BeforeMethod setup -->
  <testcase classname="com.excellence.qa.testcases.LoginPageTest" name="@AfterMethod closeBrowser" time="-1.636563694478E9">
    <skipped/>
  </testcase> <!-- @AfterMethod closeBrowser -->
  <testcase classname="com.excellence.qa.testcases.LoginPageTest" name="@BeforeMethod setup" time="-1.636563694479E9">
    <skipped/>
  </testcase> <!-- @BeforeMethod setup -->
  <testcase classname="com.excellence.qa.testcases.LoginPageTest" name="@AfterMethod closeBrowser" time="-1.636563694479E9">
    <skipped/>
  </testcase> <!-- @AfterMethod closeBrowser -->
  <testcase classname="com.excellence.qa.testcases.MaterialRequestPageTest" name="@BeforeMethod setup" time="1.725">
    <failure type="org.openqa.selenium.SessionNotCreatedException" message="session not created: This version of ChromeDriver only supports Chrome version 93
Current browser version is 95.0.4638.69 with binary path C:\Program Files (x86)\Google\Chrome\Application\chrome.exe
Build info: version: &amp;apos;3.5.3&amp;apos;, revision: &amp;apos;a88d25fe6b&amp;apos;, time: &amp;apos;2017-08-29T12:42:44.417Z&amp;apos;
System info: host: &amp;apos;ISHLTP116&amp;apos;, ip: &amp;apos;192.168.29.131&amp;apos;, os.name: &amp;apos;Windows 10&amp;apos;, os.arch: &amp;apos;amd64&amp;apos;, os.version: &amp;apos;10.0&amp;apos;, java.version: &amp;apos;11.0.10&amp;apos;
Driver info: driver.version: ChromeDriver
remote stacktrace: Backtrace:
	Ordinal0 [0x005FD403+2479107]
	Ordinal0 [0x00597D51+2063697]
	Ordinal0 [0x004A20C8+1056968]
	Ordinal0 [0x004C043A+1180730]
	Ordinal0 [0x004BC355+1164117]
	Ordinal0 [0x004B9B7F+1153919]
	Ordinal0 [0x004E9CBF+1350847]
	Ordinal0 [0x004E992A+1349930]
	Ordinal0 [0x004E583B+1333307]
	Ordinal0 [0x004C1F94+1187732]
	Ordinal0 [0x004C2DE9+1191401]
	GetHandleVerifier [0x0077F3F6+1531734]
	GetHandleVerifier [0x0082E9AE+2249998]
	GetHandleVerifier [0x006839AB+501003]
	GetHandleVerifier [0x00682A29+497033]
	Ordinal0 [0x0059D11D+2085149]
	Ordinal0 [0x005A11C8+2101704]
	Ordinal0 [0x005A1302+2102018]
	Ordinal0 [0x005AAA71+2140785]
	BaseThreadInitThunk [0x7659FA29+25]
	RtlGetAppContainerNamedObjectPath [0x76F27A9E+286]
	RtlGetAppContainerNamedObjectPath [0x76F27A6E+238]
">
      <![CDATA[org.openqa.selenium.SessionNotCreatedException: session not created: This version of ChromeDriver only supports Chrome version 93
Current browser version is 95.0.4638.69 with binary path C:\Program Files (x86)\Google\Chrome\Application\chrome.exe
Build info: version: '3.5.3', revision: 'a88d25fe6b', time: '2017-08-29T12:42:44.417Z'
System info: host: 'ISHLTP116', ip: '192.168.29.131', os.name: 'Windows 10', os.arch: 'amd64', os.version: '10.0', java.version: '11.0.10'
Driver info: driver.version: ChromeDriver
remote stacktrace: Backtrace:
Ordinal0 [0x005FD403+2479107]
Ordinal0 [0x00597D51+2063697]
Ordinal0 [0x004A20C8+1056968]
Ordinal0 [0x004C043A+1180730]
Ordinal0 [0x004BC355+1164117]
Ordinal0 [0x004B9B7F+1153919]
Ordinal0 [0x004E9CBF+1350847]
Ordinal0 [0x004E992A+1349930]
Ordinal0 [0x004E583B+1333307]
Ordinal0 [0x004C1F94+1187732]
Ordinal0 [0x004C2DE9+1191401]
GetHandleVerifier [0x0077F3F6+1531734]
GetHandleVerifier [0x0082E9AE+2249998]
GetHandleVerifier [0x006839AB+501003]
GetHandleVerifier [0x00682A29+497033]
Ordinal0 [0x0059D11D+2085149]
Ordinal0 [0x005A11C8+2101704]
Ordinal0 [0x005A1302+2102018]
Ordinal0 [0x005AAA71+2140785]
BaseThreadInitThunk [0x7659FA29+25]
RtlGetAppContainerNamedObjectPath [0x76F27A9E+286]
RtlGetAppContainerNamedObjectPath [0x76F27A6E+238]

at org.openqa.selenium.remote.W3CHandshakeResponse.lambda$new$0(W3CHandshakeResponse.java:57)
at org.openqa.selenium.remote.W3CHandshakeResponse.lambda$getResponseFunction$2(W3CHandshakeResponse.java:104)
at org.openqa.selenium.remote.ProtocolHandshake.lambda$createSession$24(ProtocolHandshake.java:359)
at java.base/java.util.stream.ReferencePipeline$3$1.accept(ReferencePipeline.java:195)
at java.base/java.util.Spliterators$ArraySpliterator.tryAdvance(Spliterators.java:958)
at java.base/java.util.stream.ReferencePipeline.forEachWithCancel(ReferencePipeline.java:127)
at java.base/java.util.stream.AbstractPipeline.copyIntoWithCancel(AbstractPipeline.java:502)
at java.base/java.util.stream.AbstractPipeline.copyInto(AbstractPipeline.java:488)
at java.base/java.util.stream.AbstractPipeline.wrapAndCopyInto(AbstractPipeline.java:474)
at java.base/java.util.stream.FindOps$FindOp.evaluateSequential(FindOps.java:150)
at java.base/java.util.stream.AbstractPipeline.evaluate(AbstractPipeline.java:234)
at java.base/java.util.stream.ReferencePipeline.findFirst(ReferencePipeline.java:543)
at org.openqa.selenium.remote.ProtocolHandshake.createSession(ProtocolHandshake.java:362)
at org.openqa.selenium.remote.ProtocolHandshake.createSession(ProtocolHandshake.java:136)
at org.openqa.selenium.remote.HttpCommandExecutor.execute(HttpCommandExecutor.java:142)
at org.openqa.selenium.remote.service.DriverCommandExecutor.execute(DriverCommandExecutor.java:82)
at org.openqa.selenium.remote.RemoteWebDriver.execute(RemoteWebDriver.java:646)
at org.openqa.selenium.remote.RemoteWebDriver.startSession(RemoteWebDriver.java:255)
at org.openqa.selenium.remote.RemoteWebDriver.startSession(RemoteWebDriver.java:237)
at org.openqa.selenium.remote.RemoteWebDriver.<init>(RemoteWebDriver.java:138)
at org.openqa.selenium.chrome.ChromeDriver.<init>(ChromeDriver.java:178)
at org.openqa.selenium.chrome.ChromeDriver.<init>(ChromeDriver.java:167)
at org.openqa.selenium.chrome.ChromeDriver.<init>(ChromeDriver.java:124)
at com.excellence.qa.base.BaseClass.initialization(BaseClass.java:73)
at com.excellence.qa.testcases.MaterialRequestPageTest.setup(MaterialRequestPageTest.java:32)
at java.base/java.util.ArrayList.forEach(ArrayList.java:1541)
... Removed 45 stack frames]]>
    </failure>
  </testcase> <!-- @BeforeMethod setup -->
  <testcase classname="com.excellence.qa.testcases.MaterialRequestPageTest" name="@AfterMethod closeBrowser" time="-1.636563698513E9">
    <skipped/>
  </testcase> <!-- @AfterMethod closeBrowser -->
  <testcase classname="com.excellence.qa.testcases.MaterialRequestPageTest" name="@BeforeMethod setup" time="-1.636563698515E9">
    <skipped/>
  </testcase> <!-- @BeforeMethod setup -->
  <testcase classname="com.excellence.qa.testcases.MaterialRequestPageTest" name="@AfterMethod closeBrowser" time="-1.636563698515E9">
    <skipped/>
  </testcase> <!-- @AfterMethod closeBrowser -->
  <testcase classname="com.excellence.qa.testcases.DashboardPageTest" name="openMaterialRequestForm" time="0.0">
    <skipped/>
  </testcase> <!-- openMaterialRequestForm -->
  <testcase classname="com.excellence.qa.testcases.DashboardPageTest" name="verifyClickingOnHolidayCalenderMenu" time="0.0">
    <skipped/>
  </testcase> <!-- verifyClickingOnHolidayCalenderMenu -->
  <testcase classname="com.excellence.qa.testcases.HolidayCalenderPageTest" name="verifyHoliday" time="0.0">
    <skipped/>
  </testcase> <!-- verifyHoliday -->
  <testcase classname="com.excellence.qa.testcases.HolidayCalenderPageTest" name="verifyRestrictedHoliday" time="0.0">
    <skipped/>
  </testcase> <!-- verifyRestrictedHoliday -->
  <testcase classname="com.excellence.qa.testcases.LeaveApplicationPageTest" name="verificationOfAppliedLeave" time="0.0">
    <skipped/>
  </testcase> <!-- verificationOfAppliedLeave -->
  <testcase classname="com.excellence.qa.testcases.LoginPageTest" name="verifyLogin" time="0.0">
    <skipped/>
  </testcase> <!-- verifyLogin -->
  <testcase classname="com.excellence.qa.testcases.LoginPageTest" name="verifyTitleOfPage" time="0.0">
    <skipped/>
  </testcase> <!-- verifyTitleOfPage -->
  <testcase classname="com.excellence.qa.testcases.MaterialRequestPageTest" name="raiseMaterialRequest" time="0.0">
    <skipped/>
  </testcase> <!-- raiseMaterialRequest -->
  <testcase classname="com.excellence.qa.testcases.MaterialRequestPageTest" name="raiseMaterialRequest" time="0.0">
    <skipped/>
  </testcase> <!-- raiseMaterialRequest -->
  <testcase classname="com.excellence.qa.testcases.LeaveApplicationPageTest" name="submitLeaveApplication" time="0.0">
    <ignored/>
  </testcase> <!-- submitLeaveApplication -->
</testsuite> <!-- Command line test -->
