<!DOCTYPE html>

<html>
  <head>
  <meta charset='utf-8'>
  <title>TestNG reports</title>

    <link type="text/css" href="testng-reports1.css" rel="stylesheet" id="ultra" />
    <link type="text/css" href="testng-reports.css" rel="stylesheet" id="retro" disabled="false"/>
    <script type="text/javascript" src="jquery-3.4.1.min.js"></script>
    <script type="text/javascript" src="testng-reports.js"></script>
    <script type="text/javascript" src="https://www.google.com/jsapi"></script>
    <script type='text/javascript'>
      google.load('visualization', '1', {packages:['table']});
      google.setOnLoadCallback(drawTable);
      var suiteTableInitFunctions = new Array();
      var suiteTableData = new Array();
    </script>
    <!--
      <script type="text/javascript" src="jquery-ui/js/jquery-ui-1.8.16.custom.min.js"></script>
     -->
  </head>

  <body>
    <div class="top-banner-root">
      <span class="top-banner-title-font">Test results</span>
      <button id="button" class="button">Switch Retro Theme</button> <!-- button -->
      <br/>
      <span class="top-banner-font-1">1 suite</span>
    </div> <!-- top-banner-root -->
    <div class="navigator-root">
      <div class="navigator-suite-header">
        <span>All suites</span>
        <a href="#" title="Collapse/expand all the suites" class="collapse-all-link">
          <img src="collapseall.gif" class="collapse-all-icon">
          </img> <!-- collapse-all-icon -->
        </a> <!-- collapse-all-link -->
      </div> <!-- navigator-suite-header -->
      <div class="suite">
        <div class="rounded-window">
          <div class="suite-header light-rounded-window-top">
            <a href="#" panel-name="suite-Command_line_suite" class="navigator-link">
              <span class="suite-name border-skipped">Command line suite</span>
            </a> <!-- navigator-link -->
          </div> <!-- suite-header light-rounded-window-top -->
          <div class="navigator-suite-content">
            <div class="suite-section-title">
              <span>Info</span>
            </div> <!-- suite-section-title -->
            <div class="suite-section-content">
              <ul>
                <li>
                  <a href="#" panel-name="test-xml-Command_line_suite" class="navigator-link ">
                    <span>[unset file name]</span>
                  </a> <!-- navigator-link  -->
                </li>
                <li>
                  <a href="#" panel-name="testlist-Command_line_suite" class="navigator-link ">
                    <span class="test-stats">1 test</span>
                  </a> <!-- navigator-link  -->
                </li>
                <li>
                  <a href="#" panel-name="group-Command_line_suite" class="navigator-link ">
                    <span>0 groups</span>
                  </a> <!-- navigator-link  -->
                </li>
                <li>
                  <a href="#" panel-name="times-Command_line_suite" class="navigator-link ">
                    <span>Times</span>
                  </a> <!-- navigator-link  -->
                </li>
                <li>
                  <a href="#" panel-name="reporter-Command_line_suite" class="navigator-link ">
                    <span>Reporter output</span>
                  </a> <!-- navigator-link  -->
                </li>
                <li>
                  <a href="#" panel-name="ignored-methods-Command_line_suite" class="navigator-link ">
                    <span>Ignored methods</span>
                  </a> <!-- navigator-link  -->
                </li>
                <li>
                  <a href="#" panel-name="chronological-Command_line_suite" class="navigator-link ">
                    <span>Chronological view</span>
                  </a> <!-- navigator-link  -->
                </li>
              </ul>
            </div> <!-- suite-section-content -->
            <div class="result-section">
              <div class="suite-section-title">
                <span>Results</span>
              </div> <!-- suite-section-title -->
              <div class="suite-section-content">
                <ul>
                  <li>
                    <span class="method-stats">9 methods,  9 skipped,  </span>
                  </li>
                  <li>
                    <span class="method-list-title skipped">Skipped methods</span>
                    <span class="show-or-hide-methods skipped">
                      <a href="#" panel-name="suite-Command_line_suite" class="hide-methods skipped suite-Command_line_suite"> (hide)</a> <!-- hide-methods skipped suite-Command_line_suite -->
                      <a href="#" panel-name="suite-Command_line_suite" class="show-methods skipped suite-Command_line_suite"> (show)</a> <!-- show-methods skipped suite-Command_line_suite -->
                    </span>
                    <div class="method-list-content skipped suite-Command_line_suite">
                      <span>
                        <img src="skipped.png" width="3%"/>
                        <a href="#" panel-name="suite-Command_line_suite" title="com.excellence.qa.testcases.DashboardPageTest" class="method navigator-link" hash-for-method="openMaterialRequestForm">openMaterialRequestForm</a> <!-- method navigator-link -->
                      </span>
                      <br/>
                      <span>
                        <img src="skipped.png" width="3%"/>
                        <a href="#" panel-name="suite-Command_line_suite" title="com.excellence.qa.testcases.MaterialRequestPageTest" class="method navigator-link" hash-for-method="raiseMaterialRequest(pad, 2hr, 2 pads, immediately)">raiseMaterialRequest(pad, 2hr, 2 pads, immediately)</a> <!-- method navigator-link -->
                      </span>
                      <br/>
                      <span>
                        <img src="skipped.png" width="3%"/>
                        <a href="#" panel-name="suite-Command_line_suite" title="com.excellence.qa.testcases.MaterialRequestPageTest" class="method navigator-link" hash-for-method="raiseMaterialRequest(pen, 1hr, red, urgent basis)">raiseMaterialRequest(pen, 1hr, red, urgent basis)</a> <!-- method navigator-link -->
                      </span>
                      <br/>
                      <span>
                        <img src="skipped.png" width="3%"/>
                        <a href="#" panel-name="suite-Command_line_suite" title="com.excellence.qa.testcases.LeaveApplicationPageTest" class="method navigator-link" hash-for-method="verificationOfAppliedLeave">verificationOfAppliedLeave</a> <!-- method navigator-link -->
                      </span>
                      <br/>
                      <span>
                        <img src="skipped.png" width="3%"/>
                        <a href="#" panel-name="suite-Command_line_suite" title="com.excellence.qa.testcases.DashboardPageTest" class="method navigator-link" hash-for-method="verifyClickingOnHolidayCalenderMenu">verifyClickingOnHolidayCalenderMenu</a> <!-- method navigator-link -->
                      </span>
                      <br/>
                      <span>
                        <img src="skipped.png" width="3%"/>
                        <a href="#" panel-name="suite-Command_line_suite" title="com.excellence.qa.testcases.HolidayCalenderPageTest" class="method navigator-link" hash-for-method="verifyHoliday">verifyHoliday</a> <!-- method navigator-link -->
                      </span>
                      <br/>
                      <span>
                        <img src="skipped.png" width="3%"/>
                        <a href="#" panel-name="suite-Command_line_suite" title="com.excellence.qa.testcases.LoginPageTest" class="method navigator-link" hash-for-method="verifyLogin">verifyLogin</a> <!-- method navigator-link -->
                      </span>
                      <br/>
                      <span>
                        <img src="skipped.png" width="3%"/>
                        <a href="#" panel-name="suite-Command_line_suite" title="com.excellence.qa.testcases.HolidayCalenderPageTest" class="method navigator-link" hash-for-method="verifyRestrictedHoliday">verifyRestrictedHoliday</a> <!-- method navigator-link -->
                      </span>
                      <br/>
                      <span>
                        <img src="skipped.png" width="3%"/>
                        <a href="#" panel-name="suite-Command_line_suite" title="com.excellence.qa.testcases.LoginPageTest" class="method navigator-link" hash-for-method="verifyTitleOfPage">verifyTitleOfPage</a> <!-- method navigator-link -->
                      </span>
                      <br/>
                    </div> <!-- method-list-content skipped suite-Command_line_suite -->
                  </li>
                </ul>
              </div> <!-- suite-section-content -->
            </div> <!-- result-section -->
          </div> <!-- navigator-suite-content -->
        </div> <!-- rounded-window -->
      </div> <!-- suite -->
    </div> <!-- navigator-root -->
    <div class="wrapper">
      <div class="main-panel-root">
        <div panel-name="suite-Command_line_suite" class="panel Command_line_suite">
          <div class="suite-Command_line_suite-class-skipped">
            <div class="main-panel-header rounded-window-top">
              <img src="skipped.png"/>
              <span class="class-name">com.excellence.qa.testcases.MaterialRequestPageTest</span>
            </div> <!-- main-panel-header rounded-window-top -->
            <div class="main-panel-content rounded-window-bottom">
              <div class="method">
                <div class="method-content">
                  <a name="raiseMaterialRequest(pad, 2hr, 2 pads, immediately)">
                  </a> <!-- raiseMaterialRequest(pad, 2hr, 2 pads, immediately) -->
                  <span class="method-name">raiseMaterialRequest</span>
                  <span class="parameters">(pad, 2hr, 2 pads, immediately)</span>
                  <div class="stack-trace">org.openqa.selenium.SessionNotCreatedException: session not created: This version of ChromeDriver only supports Chrome version 93
Current browser version is 95.0.4638.69 with binary path C:\Program Files (x86)\Google\Chrome\Application\chrome.exe
Build info: version: &apos;3.5.3&apos;, revision: &apos;a88d25fe6b&apos;, time: &apos;2017-08-29T12:42:44.417Z&apos;
System info: host: &apos;ISHLTP116&apos;, ip: &apos;192.168.29.131&apos;, os.name: &apos;Windows 10&apos;, os.arch: &apos;amd64&apos;, os.version: &apos;10.0&apos;, java.version: &apos;11.0.10&apos;
Driver info: driver.version: ChromeDriver
remote stacktrace: Backtrace:
	Ordinal0 [0x005FD403+2479107]
	Ordinal0 [0x00597D51+2063697]
	Ordinal0 [0x004A20C8+1056968]
	Ordinal0 [0x004C043A+1180730]
	Ordinal0 [0x004BC355+1164117]
	Ordinal0 [0x004B9B7F+1153919]
	Ordinal0 [0x004E9CBF+1350847]
	Ordinal0 [0x004E992A+1349930]
	Ordinal0 [0x004E583B+1333307]
	Ordinal0 [0x004C1F94+1187732]
	Ordinal0 [0x004C2DE9+1191401]
	GetHandleVerifier [0x0077F3F6+1531734]
	GetHandleVerifier [0x0082E9AE+2249998]
	GetHandleVerifier [0x006839AB+501003]
	GetHandleVerifier [0x00682A29+497033]
	Ordinal0 [0x0059D11D+2085149]
	Ordinal0 [0x005A11C8+2101704]
	Ordinal0 [0x005A1302+2102018]
	Ordinal0 [0x005AAA71+2140785]
	BaseThreadInitThunk [0x7659FA29+25]
	RtlGetAppContainerNamedObjectPath [0x76F27A9E+286]
	RtlGetAppContainerNamedObjectPath [0x76F27A6E+238]

	at org.openqa.selenium.remote.W3CHandshakeResponse.lambda$new$0(W3CHandshakeResponse.java:57)
	at org.openqa.selenium.remote.W3CHandshakeResponse.lambda$getResponseFunction$2(W3CHandshakeResponse.java:104)
	at org.openqa.selenium.remote.ProtocolHandshake.lambda$createSession$24(ProtocolHandshake.java:359)
	at java.base/java.util.stream.ReferencePipeline$3$1.accept(ReferencePipeline.java:195)
	at java.base/java.util.Spliterators$ArraySpliterator.tryAdvance(Spliterators.java:958)
	at java.base/java.util.stream.ReferencePipeline.forEachWithCancel(ReferencePipeline.java:127)
	at java.base/java.util.stream.AbstractPipeline.copyIntoWithCancel(AbstractPipeline.java:502)
	at java.base/java.util.stream.AbstractPipeline.copyInto(AbstractPipeline.java:488)
	at java.base/java.util.stream.AbstractPipeline.wrapAndCopyInto(AbstractPipeline.java:474)
	at java.base/java.util.stream.FindOps$FindOp.evaluateSequential(FindOps.java:150)
	at java.base/java.util.stream.AbstractPipeline.evaluate(AbstractPipeline.java:234)
	at java.base/java.util.stream.ReferencePipeline.findFirst(ReferencePipeline.java:543)
	at org.openqa.selenium.remote.ProtocolHandshake.createSession(ProtocolHandshake.java:362)
	at org.openqa.selenium.remote.ProtocolHandshake.createSession(ProtocolHandshake.java:136)
	at org.openqa.selenium.remote.HttpCommandExecutor.execute(HttpCommandExecutor.java:142)
	at org.openqa.selenium.remote.service.DriverCommandExecutor.execute(DriverCommandExecutor.java:82)
	at org.openqa.selenium.remote.RemoteWebDriver.execute(RemoteWebDriver.java:646)
	at org.openqa.selenium.remote.RemoteWebDriver.startSession(RemoteWebDriver.java:255)
	at org.openqa.selenium.remote.RemoteWebDriver.startSession(RemoteWebDriver.java:237)
	at org.openqa.selenium.remote.RemoteWebDriver.&lt;init&gt;(RemoteWebDriver.java:138)
	at org.openqa.selenium.chrome.ChromeDriver.&lt;init&gt;(ChromeDriver.java:178)
	at org.openqa.selenium.chrome.ChromeDriver.&lt;init&gt;(ChromeDriver.java:167)
	at org.openqa.selenium.chrome.ChromeDriver.&lt;init&gt;(ChromeDriver.java:124)
	at com.excellence.qa.base.BaseClass.initialization(BaseClass.java:73)
	at com.excellence.qa.testcases.MaterialRequestPageTest.setup(MaterialRequestPageTest.java:32)
	at java.base/java.util.ArrayList.forEach(ArrayList.java:1541)
... Removed 45 stack frames
</div> <!-- stack-trace -->
                </div> <!-- method-content -->
              </div> <!-- method -->
              <div class="method">
                <div class="method-content">
                  <a name="raiseMaterialRequest(pen, 1hr, red, urgent basis)">
                  </a> <!-- raiseMaterialRequest(pen, 1hr, red, urgent basis) -->
                  <span class="method-name">raiseMaterialRequest</span>
                  <span class="parameters">(pen, 1hr, red, urgent basis)</span>
                  <div class="stack-trace">org.openqa.selenium.SessionNotCreatedException: session not created: This version of ChromeDriver only supports Chrome version 93
Current browser version is 95.0.4638.69 with binary path C:\Program Files (x86)\Google\Chrome\Application\chrome.exe
Build info: version: &apos;3.5.3&apos;, revision: &apos;a88d25fe6b&apos;, time: &apos;2017-08-29T12:42:44.417Z&apos;
System info: host: &apos;ISHLTP116&apos;, ip: &apos;192.168.29.131&apos;, os.name: &apos;Windows 10&apos;, os.arch: &apos;amd64&apos;, os.version: &apos;10.0&apos;, java.version: &apos;11.0.10&apos;
Driver info: driver.version: ChromeDriver
remote stacktrace: Backtrace:
	Ordinal0 [0x005FD403+2479107]
	Ordinal0 [0x00597D51+2063697]
	Ordinal0 [0x004A20C8+1056968]
	Ordinal0 [0x004C043A+1180730]
	Ordinal0 [0x004BC355+1164117]
	Ordinal0 [0x004B9B7F+1153919]
	Ordinal0 [0x004E9CBF+1350847]
	Ordinal0 [0x004E992A+1349930]
	Ordinal0 [0x004E583B+1333307]
	Ordinal0 [0x004C1F94+1187732]
	Ordinal0 [0x004C2DE9+1191401]
	GetHandleVerifier [0x0077F3F6+1531734]
	GetHandleVerifier [0x0082E9AE+2249998]
	GetHandleVerifier [0x006839AB+501003]
	GetHandleVerifier [0x00682A29+497033]
	Ordinal0 [0x0059D11D+2085149]
	Ordinal0 [0x005A11C8+2101704]
	Ordinal0 [0x005A1302+2102018]
	Ordinal0 [0x005AAA71+2140785]
	BaseThreadInitThunk [0x7659FA29+25]
	RtlGetAppContainerNamedObjectPath [0x76F27A9E+286]
	RtlGetAppContainerNamedObjectPath [0x76F27A6E+238]

	at org.openqa.selenium.remote.W3CHandshakeResponse.lambda$new$0(W3CHandshakeResponse.java:57)
	at org.openqa.selenium.remote.W3CHandshakeResponse.lambda$getResponseFunction$2(W3CHandshakeResponse.java:104)
	at org.openqa.selenium.remote.ProtocolHandshake.lambda$createSession$24(ProtocolHandshake.java:359)
	at java.base/java.util.stream.ReferencePipeline$3$1.accept(ReferencePipeline.java:195)
	at java.base/java.util.Spliterators$ArraySpliterator.tryAdvance(Spliterators.java:958)
	at java.base/java.util.stream.ReferencePipeline.forEachWithCancel(ReferencePipeline.java:127)
	at java.base/java.util.stream.AbstractPipeline.copyIntoWithCancel(AbstractPipeline.java:502)
	at java.base/java.util.stream.AbstractPipeline.copyInto(AbstractPipeline.java:488)
	at java.base/java.util.stream.AbstractPipeline.wrapAndCopyInto(AbstractPipeline.java:474)
	at java.base/java.util.stream.FindOps$FindOp.evaluateSequential(FindOps.java:150)
	at java.base/java.util.stream.AbstractPipeline.evaluate(AbstractPipeline.java:234)
	at java.base/java.util.stream.ReferencePipeline.findFirst(ReferencePipeline.java:543)
	at org.openqa.selenium.remote.ProtocolHandshake.createSession(ProtocolHandshake.java:362)
	at org.openqa.selenium.remote.ProtocolHandshake.createSession(ProtocolHandshake.java:136)
	at org.openqa.selenium.remote.HttpCommandExecutor.execute(HttpCommandExecutor.java:142)
	at org.openqa.selenium.remote.service.DriverCommandExecutor.execute(DriverCommandExecutor.java:82)
	at org.openqa.selenium.remote.RemoteWebDriver.execute(RemoteWebDriver.java:646)
	at org.openqa.selenium.remote.RemoteWebDriver.startSession(RemoteWebDriver.java:255)
	at org.openqa.selenium.remote.RemoteWebDriver.startSession(RemoteWebDriver.java:237)
	at org.openqa.selenium.remote.RemoteWebDriver.&lt;init&gt;(RemoteWebDriver.java:138)
	at org.openqa.selenium.chrome.ChromeDriver.&lt;init&gt;(ChromeDriver.java:178)
	at org.openqa.selenium.chrome.ChromeDriver.&lt;init&gt;(ChromeDriver.java:167)
	at org.openqa.selenium.chrome.ChromeDriver.&lt;init&gt;(ChromeDriver.java:124)
	at com.excellence.qa.base.BaseClass.initialization(BaseClass.java:73)
	at com.excellence.qa.testcases.MaterialRequestPageTest.setup(MaterialRequestPageTest.java:32)
	at java.base/java.util.ArrayList.forEach(ArrayList.java:1541)
... Removed 45 stack frames
</div> <!-- stack-trace -->
                </div> <!-- method-content -->
              </div> <!-- method -->
            </div> <!-- main-panel-content rounded-window-bottom -->
          </div> <!-- suite-Command_line_suite-class-skipped -->
          <div class="suite-Command_line_suite-class-skipped">
            <div class="main-panel-header rounded-window-top">
              <img src="skipped.png"/>
              <span class="class-name">com.excellence.qa.testcases.LoginPageTest</span>
            </div> <!-- main-panel-header rounded-window-top -->
            <div class="main-panel-content rounded-window-bottom">
              <div class="method">
                <div class="method-content">
                  <a name="verifyLogin">
                  </a> <!-- verifyLogin -->
                  <span class="method-name">verifyLogin</span>
                  <div class="stack-trace">org.openqa.selenium.SessionNotCreatedException: session not created: This version of ChromeDriver only supports Chrome version 93
Current browser version is 95.0.4638.69 with binary path C:\Program Files (x86)\Google\Chrome\Application\chrome.exe
Build info: version: &apos;3.5.3&apos;, revision: &apos;a88d25fe6b&apos;, time: &apos;2017-08-29T12:42:44.417Z&apos;
System info: host: &apos;ISHLTP116&apos;, ip: &apos;192.168.29.131&apos;, os.name: &apos;Windows 10&apos;, os.arch: &apos;amd64&apos;, os.version: &apos;10.0&apos;, java.version: &apos;11.0.10&apos;
Driver info: driver.version: ChromeDriver
remote stacktrace: Backtrace:
	Ordinal0 [0x005FD403+2479107]
	Ordinal0 [0x00597D51+2063697]
	Ordinal0 [0x004A20C8+1056968]
	Ordinal0 [0x004C043A+1180730]
	Ordinal0 [0x004BC355+1164117]
	Ordinal0 [0x004B9B7F+1153919]
	Ordinal0 [0x004E9CBF+1350847]
	Ordinal0 [0x004E992A+1349930]
	Ordinal0 [0x004E583B+1333307]
	Ordinal0 [0x004C1F94+1187732]
	Ordinal0 [0x004C2DE9+1191401]
	GetHandleVerifier [0x0077F3F6+1531734]
	GetHandleVerifier [0x0082E9AE+2249998]
	GetHandleVerifier [0x006839AB+501003]
	GetHandleVerifier [0x00682A29+497033]
	Ordinal0 [0x0059D11D+2085149]
	Ordinal0 [0x005A11C8+2101704]
	Ordinal0 [0x005A1302+2102018]
	Ordinal0 [0x005AAA71+2140785]
	BaseThreadInitThunk [0x7659FA29+25]
	RtlGetAppContainerNamedObjectPath [0x76F27A9E+286]
	RtlGetAppContainerNamedObjectPath [0x76F27A6E+238]

	at org.openqa.selenium.remote.W3CHandshakeResponse.lambda$new$0(W3CHandshakeResponse.java:57)
	at org.openqa.selenium.remote.W3CHandshakeResponse.lambda$getResponseFunction$2(W3CHandshakeResponse.java:104)
	at org.openqa.selenium.remote.ProtocolHandshake.lambda$createSession$24(ProtocolHandshake.java:359)
	at java.base/java.util.stream.ReferencePipeline$3$1.accept(ReferencePipeline.java:195)
	at java.base/java.util.Spliterators$ArraySpliterator.tryAdvance(Spliterators.java:958)
	at java.base/java.util.stream.ReferencePipeline.forEachWithCancel(ReferencePipeline.java:127)
	at java.base/java.util.stream.AbstractPipeline.copyIntoWithCancel(AbstractPipeline.java:502)
	at java.base/java.util.stream.AbstractPipeline.copyInto(AbstractPipeline.java:488)
	at java.base/java.util.stream.AbstractPipeline.wrapAndCopyInto(AbstractPipeline.java:474)
	at java.base/java.util.stream.FindOps$FindOp.evaluateSequential(FindOps.java:150)
	at java.base/java.util.stream.AbstractPipeline.evaluate(AbstractPipeline.java:234)
	at java.base/java.util.stream.ReferencePipeline.findFirst(ReferencePipeline.java:543)
	at org.openqa.selenium.remote.ProtocolHandshake.createSession(ProtocolHandshake.java:362)
	at org.openqa.selenium.remote.ProtocolHandshake.createSession(ProtocolHandshake.java:136)
	at org.openqa.selenium.remote.HttpCommandExecutor.execute(HttpCommandExecutor.java:142)
	at org.openqa.selenium.remote.service.DriverCommandExecutor.execute(DriverCommandExecutor.java:82)
	at org.openqa.selenium.remote.RemoteWebDriver.execute(RemoteWebDriver.java:646)
	at org.openqa.selenium.remote.RemoteWebDriver.startSession(RemoteWebDriver.java:255)
	at org.openqa.selenium.remote.RemoteWebDriver.startSession(RemoteWebDriver.java:237)
	at org.openqa.selenium.remote.RemoteWebDriver.&lt;init&gt;(RemoteWebDriver.java:138)
	at org.openqa.selenium.chrome.ChromeDriver.&lt;init&gt;(ChromeDriver.java:178)
	at org.openqa.selenium.chrome.ChromeDriver.&lt;init&gt;(ChromeDriver.java:167)
	at org.openqa.selenium.chrome.ChromeDriver.&lt;init&gt;(ChromeDriver.java:124)
	at com.excellence.qa.base.BaseClass.initialization(BaseClass.java:73)
	at com.excellence.qa.testcases.LoginPageTest.setup(LoginPageTest.java:29)
	at java.base/java.util.ArrayList.forEach(ArrayList.java:1541)
... Removed 45 stack frames
</div> <!-- stack-trace -->
                </div> <!-- method-content -->
              </div> <!-- method -->
              <div class="method">
                <div class="method-content">
                  <a name="verifyTitleOfPage">
                  </a> <!-- verifyTitleOfPage -->
                  <span class="method-name">verifyTitleOfPage</span>
                  <div class="stack-trace">org.openqa.selenium.SessionNotCreatedException: session not created: This version of ChromeDriver only supports Chrome version 93
Current browser version is 95.0.4638.69 with binary path C:\Program Files (x86)\Google\Chrome\Application\chrome.exe
Build info: version: &apos;3.5.3&apos;, revision: &apos;a88d25fe6b&apos;, time: &apos;2017-08-29T12:42:44.417Z&apos;
System info: host: &apos;ISHLTP116&apos;, ip: &apos;192.168.29.131&apos;, os.name: &apos;Windows 10&apos;, os.arch: &apos;amd64&apos;, os.version: &apos;10.0&apos;, java.version: &apos;11.0.10&apos;
Driver info: driver.version: ChromeDriver
remote stacktrace: Backtrace:
	Ordinal0 [0x005FD403+2479107]
	Ordinal0 [0x00597D51+2063697]
	Ordinal0 [0x004A20C8+1056968]
	Ordinal0 [0x004C043A+1180730]
	Ordinal0 [0x004BC355+1164117]
	Ordinal0 [0x004B9B7F+1153919]
	Ordinal0 [0x004E9CBF+1350847]
	Ordinal0 [0x004E992A+1349930]
	Ordinal0 [0x004E583B+1333307]
	Ordinal0 [0x004C1F94+1187732]
	Ordinal0 [0x004C2DE9+1191401]
	GetHandleVerifier [0x0077F3F6+1531734]
	GetHandleVerifier [0x0082E9AE+2249998]
	GetHandleVerifier [0x006839AB+501003]
	GetHandleVerifier [0x00682A29+497033]
	Ordinal0 [0x0059D11D+2085149]
	Ordinal0 [0x005A11C8+2101704]
	Ordinal0 [0x005A1302+2102018]
	Ordinal0 [0x005AAA71+2140785]
	BaseThreadInitThunk [0x7659FA29+25]
	RtlGetAppContainerNamedObjectPath [0x76F27A9E+286]
	RtlGetAppContainerNamedObjectPath [0x76F27A6E+238]

	at org.openqa.selenium.remote.W3CHandshakeResponse.lambda$new$0(W3CHandshakeResponse.java:57)
	at org.openqa.selenium.remote.W3CHandshakeResponse.lambda$getResponseFunction$2(W3CHandshakeResponse.java:104)
	at org.openqa.selenium.remote.ProtocolHandshake.lambda$createSession$24(ProtocolHandshake.java:359)
	at java.base/java.util.stream.ReferencePipeline$3$1.accept(ReferencePipeline.java:195)
	at java.base/java.util.Spliterators$ArraySpliterator.tryAdvance(Spliterators.java:958)
	at java.base/java.util.stream.ReferencePipeline.forEachWithCancel(ReferencePipeline.java:127)
	at java.base/java.util.stream.AbstractPipeline.copyIntoWithCancel(AbstractPipeline.java:502)
	at java.base/java.util.stream.AbstractPipeline.copyInto(AbstractPipeline.java:488)
	at java.base/java.util.stream.AbstractPipeline.wrapAndCopyInto(AbstractPipeline.java:474)
	at java.base/java.util.stream.FindOps$FindOp.evaluateSequential(FindOps.java:150)
	at java.base/java.util.stream.AbstractPipeline.evaluate(AbstractPipeline.java:234)
	at java.base/java.util.stream.ReferencePipeline.findFirst(ReferencePipeline.java:543)
	at org.openqa.selenium.remote.ProtocolHandshake.createSession(ProtocolHandshake.java:362)
	at org.openqa.selenium.remote.ProtocolHandshake.createSession(ProtocolHandshake.java:136)
	at org.openqa.selenium.remote.HttpCommandExecutor.execute(HttpCommandExecutor.java:142)
	at org.openqa.selenium.remote.service.DriverCommandExecutor.execute(DriverCommandExecutor.java:82)
	at org.openqa.selenium.remote.RemoteWebDriver.execute(RemoteWebDriver.java:646)
	at org.openqa.selenium.remote.RemoteWebDriver.startSession(RemoteWebDriver.java:255)
	at org.openqa.selenium.remote.RemoteWebDriver.startSession(RemoteWebDriver.java:237)
	at org.openqa.selenium.remote.RemoteWebDriver.&lt;init&gt;(RemoteWebDriver.java:138)
	at org.openqa.selenium.chrome.ChromeDriver.&lt;init&gt;(ChromeDriver.java:178)
	at org.openqa.selenium.chrome.ChromeDriver.&lt;init&gt;(ChromeDriver.java:167)
	at org.openqa.selenium.chrome.ChromeDriver.&lt;init&gt;(ChromeDriver.java:124)
	at com.excellence.qa.base.BaseClass.initialization(BaseClass.java:73)
	at com.excellence.qa.testcases.LoginPageTest.setup(LoginPageTest.java:29)
	at java.base/java.util.ArrayList.forEach(ArrayList.java:1541)
... Removed 45 stack frames
</div> <!-- stack-trace -->
                </div> <!-- method-content -->
              </div> <!-- method -->
            </div> <!-- main-panel-content rounded-window-bottom -->
          </div> <!-- suite-Command_line_suite-class-skipped -->
          <div class="suite-Command_line_suite-class-skipped">
            <div class="main-panel-header rounded-window-top">
              <img src="skipped.png"/>
              <span class="class-name">com.excellence.qa.testcases.HolidayCalenderPageTest</span>
            </div> <!-- main-panel-header rounded-window-top -->
            <div class="main-panel-content rounded-window-bottom">
              <div class="method">
                <div class="method-content">
                  <a name="verifyHoliday">
                  </a> <!-- verifyHoliday -->
                  <span class="method-name">verifyHoliday</span>
                  <div class="stack-trace">org.openqa.selenium.SessionNotCreatedException: session not created: This version of ChromeDriver only supports Chrome version 93
Current browser version is 95.0.4638.69 with binary path C:\Program Files (x86)\Google\Chrome\Application\chrome.exe
Build info: version: &apos;3.5.3&apos;, revision: &apos;a88d25fe6b&apos;, time: &apos;2017-08-29T12:42:44.417Z&apos;
System info: host: &apos;ISHLTP116&apos;, ip: &apos;192.168.29.131&apos;, os.name: &apos;Windows 10&apos;, os.arch: &apos;amd64&apos;, os.version: &apos;10.0&apos;, java.version: &apos;11.0.10&apos;
Driver info: driver.version: ChromeDriver
remote stacktrace: Backtrace:
	Ordinal0 [0x005FD403+2479107]
	Ordinal0 [0x00597D51+2063697]
	Ordinal0 [0x004A20C8+1056968]
	Ordinal0 [0x004C043A+1180730]
	Ordinal0 [0x004BC355+1164117]
	Ordinal0 [0x004B9B7F+1153919]
	Ordinal0 [0x004E9CBF+1350847]
	Ordinal0 [0x004E992A+1349930]
	Ordinal0 [0x004E583B+1333307]
	Ordinal0 [0x004C1F94+1187732]
	Ordinal0 [0x004C2DE9+1191401]
	GetHandleVerifier [0x0077F3F6+1531734]
	GetHandleVerifier [0x0082E9AE+2249998]
	GetHandleVerifier [0x006839AB+501003]
	GetHandleVerifier [0x00682A29+497033]
	Ordinal0 [0x0059D11D+2085149]
	Ordinal0 [0x005A11C8+2101704]
	Ordinal0 [0x005A1302+2102018]
	Ordinal0 [0x005AAA71+2140785]
	BaseThreadInitThunk [0x7659FA29+25]
	RtlGetAppContainerNamedObjectPath [0x76F27A9E+286]
	RtlGetAppContainerNamedObjectPath [0x76F27A6E+238]

	at org.openqa.selenium.remote.W3CHandshakeResponse.lambda$new$0(W3CHandshakeResponse.java:57)
	at org.openqa.selenium.remote.W3CHandshakeResponse.lambda$getResponseFunction$2(W3CHandshakeResponse.java:104)
	at org.openqa.selenium.remote.ProtocolHandshake.lambda$createSession$24(ProtocolHandshake.java:359)
	at java.base/java.util.stream.ReferencePipeline$3$1.accept(ReferencePipeline.java:195)
	at java.base/java.util.Spliterators$ArraySpliterator.tryAdvance(Spliterators.java:958)
	at java.base/java.util.stream.ReferencePipeline.forEachWithCancel(ReferencePipeline.java:127)
	at java.base/java.util.stream.AbstractPipeline.copyIntoWithCancel(AbstractPipeline.java:502)
	at java.base/java.util.stream.AbstractPipeline.copyInto(AbstractPipeline.java:488)
	at java.base/java.util.stream.AbstractPipeline.wrapAndCopyInto(AbstractPipeline.java:474)
	at java.base/java.util.stream.FindOps$FindOp.evaluateSequential(FindOps.java:150)
	at java.base/java.util.stream.AbstractPipeline.evaluate(AbstractPipeline.java:234)
	at java.base/java.util.stream.ReferencePipeline.findFirst(ReferencePipeline.java:543)
	at org.openqa.selenium.remote.ProtocolHandshake.createSession(ProtocolHandshake.java:362)
	at org.openqa.selenium.remote.ProtocolHandshake.createSession(ProtocolHandshake.java:136)
	at org.openqa.selenium.remote.HttpCommandExecutor.execute(HttpCommandExecutor.java:142)
	at org.openqa.selenium.remote.service.DriverCommandExecutor.execute(DriverCommandExecutor.java:82)
	at org.openqa.selenium.remote.RemoteWebDriver.execute(RemoteWebDriver.java:646)
	at org.openqa.selenium.remote.RemoteWebDriver.startSession(RemoteWebDriver.java:255)
	at org.openqa.selenium.remote.RemoteWebDriver.startSession(RemoteWebDriver.java:237)
	at org.openqa.selenium.remote.RemoteWebDriver.&lt;init&gt;(RemoteWebDriver.java:138)
	at org.openqa.selenium.chrome.ChromeDriver.&lt;init&gt;(ChromeDriver.java:178)
	at org.openqa.selenium.chrome.ChromeDriver.&lt;init&gt;(ChromeDriver.java:167)
	at org.openqa.selenium.chrome.ChromeDriver.&lt;init&gt;(ChromeDriver.java:124)
	at com.excellence.qa.base.BaseClass.initialization(BaseClass.java:73)
	at com.excellence.qa.testcases.HolidayCalenderPageTest.setup(HolidayCalenderPageTest.java:29)
	at java.base/java.util.ArrayList.forEach(ArrayList.java:1541)
... Removed 45 stack frames
</div> <!-- stack-trace -->
                </div> <!-- method-content -->
              </div> <!-- method -->
              <div class="method">
                <div class="method-content">
                  <a name="verifyRestrictedHoliday">
                  </a> <!-- verifyRestrictedHoliday -->
                  <span class="method-name">verifyRestrictedHoliday</span>
                  <div class="stack-trace">org.openqa.selenium.SessionNotCreatedException: session not created: This version of ChromeDriver only supports Chrome version 93
Current browser version is 95.0.4638.69 with binary path C:\Program Files (x86)\Google\Chrome\Application\chrome.exe
Build info: version: &apos;3.5.3&apos;, revision: &apos;a88d25fe6b&apos;, time: &apos;2017-08-29T12:42:44.417Z&apos;
System info: host: &apos;ISHLTP116&apos;, ip: &apos;192.168.29.131&apos;, os.name: &apos;Windows 10&apos;, os.arch: &apos;amd64&apos;, os.version: &apos;10.0&apos;, java.version: &apos;11.0.10&apos;
Driver info: driver.version: ChromeDriver
remote stacktrace: Backtrace:
	Ordinal0 [0x005FD403+2479107]
	Ordinal0 [0x00597D51+2063697]
	Ordinal0 [0x004A20C8+1056968]
	Ordinal0 [0x004C043A+1180730]
	Ordinal0 [0x004BC355+1164117]
	Ordinal0 [0x004B9B7F+1153919]
	Ordinal0 [0x004E9CBF+1350847]
	Ordinal0 [0x004E992A+1349930]
	Ordinal0 [0x004E583B+1333307]
	Ordinal0 [0x004C1F94+1187732]
	Ordinal0 [0x004C2DE9+1191401]
	GetHandleVerifier [0x0077F3F6+1531734]
	GetHandleVerifier [0x0082E9AE+2249998]
	GetHandleVerifier [0x006839AB+501003]
	GetHandleVerifier [0x00682A29+497033]
	Ordinal0 [0x0059D11D+2085149]
	Ordinal0 [0x005A11C8+2101704]
	Ordinal0 [0x005A1302+2102018]
	Ordinal0 [0x005AAA71+2140785]
	BaseThreadInitThunk [0x7659FA29+25]
	RtlGetAppContainerNamedObjectPath [0x76F27A9E+286]
	RtlGetAppContainerNamedObjectPath [0x76F27A6E+238]

	at org.openqa.selenium.remote.W3CHandshakeResponse.lambda$new$0(W3CHandshakeResponse.java:57)
	at org.openqa.selenium.remote.W3CHandshakeResponse.lambda$getResponseFunction$2(W3CHandshakeResponse.java:104)
	at org.openqa.selenium.remote.ProtocolHandshake.lambda$createSession$24(ProtocolHandshake.java:359)
	at java.base/java.util.stream.ReferencePipeline$3$1.accept(ReferencePipeline.java:195)
	at java.base/java.util.Spliterators$ArraySpliterator.tryAdvance(Spliterators.java:958)
	at java.base/java.util.stream.ReferencePipeline.forEachWithCancel(ReferencePipeline.java:127)
	at java.base/java.util.stream.AbstractPipeline.copyIntoWithCancel(AbstractPipeline.java:502)
	at java.base/java.util.stream.AbstractPipeline.copyInto(AbstractPipeline.java:488)
	at java.base/java.util.stream.AbstractPipeline.wrapAndCopyInto(AbstractPipeline.java:474)
	at java.base/java.util.stream.FindOps$FindOp.evaluateSequential(FindOps.java:150)
	at java.base/java.util.stream.AbstractPipeline.evaluate(AbstractPipeline.java:234)
	at java.base/java.util.stream.ReferencePipeline.findFirst(ReferencePipeline.java:543)
	at org.openqa.selenium.remote.ProtocolHandshake.createSession(ProtocolHandshake.java:362)
	at org.openqa.selenium.remote.ProtocolHandshake.createSession(ProtocolHandshake.java:136)
	at org.openqa.selenium.remote.HttpCommandExecutor.execute(HttpCommandExecutor.java:142)
	at org.openqa.selenium.remote.service.DriverCommandExecutor.execute(DriverCommandExecutor.java:82)
	at org.openqa.selenium.remote.RemoteWebDriver.execute(RemoteWebDriver.java:646)
	at org.openqa.selenium.remote.RemoteWebDriver.startSession(RemoteWebDriver.java:255)
	at org.openqa.selenium.remote.RemoteWebDriver.startSession(RemoteWebDriver.java:237)
	at org.openqa.selenium.remote.RemoteWebDriver.&lt;init&gt;(RemoteWebDriver.java:138)
	at org.openqa.selenium.chrome.ChromeDriver.&lt;init&gt;(ChromeDriver.java:178)
	at org.openqa.selenium.chrome.ChromeDriver.&lt;init&gt;(ChromeDriver.java:167)
	at org.openqa.selenium.chrome.ChromeDriver.&lt;init&gt;(ChromeDriver.java:124)
	at com.excellence.qa.base.BaseClass.initialization(BaseClass.java:73)
	at com.excellence.qa.testcases.HolidayCalenderPageTest.setup(HolidayCalenderPageTest.java:29)
	at java.base/java.util.ArrayList.forEach(ArrayList.java:1541)
... Removed 45 stack frames
</div> <!-- stack-trace -->
                </div> <!-- method-content -->
              </div> <!-- method -->
            </div> <!-- main-panel-content rounded-window-bottom -->
          </div> <!-- suite-Command_line_suite-class-skipped -->
          <div class="suite-Command_line_suite-class-skipped">
            <div class="main-panel-header rounded-window-top">
              <img src="skipped.png"/>
              <span class="class-name">com.excellence.qa.testcases.DashboardPageTest</span>
            </div> <!-- main-panel-header rounded-window-top -->
            <div class="main-panel-content rounded-window-bottom">
              <div class="method">
                <div class="method-content">
                  <a name="openMaterialRequestForm">
                  </a> <!-- openMaterialRequestForm -->
                  <span class="method-name">openMaterialRequestForm</span>
                  <div class="stack-trace">org.openqa.selenium.SessionNotCreatedException: session not created: This version of ChromeDriver only supports Chrome version 93
Current browser version is 95.0.4638.69 with binary path C:\Program Files (x86)\Google\Chrome\Application\chrome.exe
Build info: version: &apos;3.5.3&apos;, revision: &apos;a88d25fe6b&apos;, time: &apos;2017-08-29T12:42:44.417Z&apos;
System info: host: &apos;ISHLTP116&apos;, ip: &apos;192.168.29.131&apos;, os.name: &apos;Windows 10&apos;, os.arch: &apos;amd64&apos;, os.version: &apos;10.0&apos;, java.version: &apos;11.0.10&apos;
Driver info: driver.version: ChromeDriver
remote stacktrace: Backtrace:
	Ordinal0 [0x005FD403+2479107]
	Ordinal0 [0x00597D51+2063697]
	Ordinal0 [0x004A20C8+1056968]
	Ordinal0 [0x004C043A+1180730]
	Ordinal0 [0x004BC355+1164117]
	Ordinal0 [0x004B9B7F+1153919]
	Ordinal0 [0x004E9CBF+1350847]
	Ordinal0 [0x004E992A+1349930]
	Ordinal0 [0x004E583B+1333307]
	Ordinal0 [0x004C1F94+1187732]
	Ordinal0 [0x004C2DE9+1191401]
	GetHandleVerifier [0x0077F3F6+1531734]
	GetHandleVerifier [0x0082E9AE+2249998]
	GetHandleVerifier [0x006839AB+501003]
	GetHandleVerifier [0x00682A29+497033]
	Ordinal0 [0x0059D11D+2085149]
	Ordinal0 [0x005A11C8+2101704]
	Ordinal0 [0x005A1302+2102018]
	Ordinal0 [0x005AAA71+2140785]
	BaseThreadInitThunk [0x7659FA29+25]
	RtlGetAppContainerNamedObjectPath [0x76F27A9E+286]
	RtlGetAppContainerNamedObjectPath [0x76F27A6E+238]

	at org.openqa.selenium.remote.W3CHandshakeResponse.lambda$new$0(W3CHandshakeResponse.java:57)
	at org.openqa.selenium.remote.W3CHandshakeResponse.lambda$getResponseFunction$2(W3CHandshakeResponse.java:104)
	at org.openqa.selenium.remote.ProtocolHandshake.lambda$createSession$24(ProtocolHandshake.java:359)
	at java.base/java.util.stream.ReferencePipeline$3$1.accept(ReferencePipeline.java:195)
	at java.base/java.util.Spliterators$ArraySpliterator.tryAdvance(Spliterators.java:958)
	at java.base/java.util.stream.ReferencePipeline.forEachWithCancel(ReferencePipeline.java:127)
	at java.base/java.util.stream.AbstractPipeline.copyIntoWithCancel(AbstractPipeline.java:502)
	at java.base/java.util.stream.AbstractPipeline.copyInto(AbstractPipeline.java:488)
	at java.base/java.util.stream.AbstractPipeline.wrapAndCopyInto(AbstractPipeline.java:474)
	at java.base/java.util.stream.FindOps$FindOp.evaluateSequential(FindOps.java:150)
	at java.base/java.util.stream.AbstractPipeline.evaluate(AbstractPipeline.java:234)
	at java.base/java.util.stream.ReferencePipeline.findFirst(ReferencePipeline.java:543)
	at org.openqa.selenium.remote.ProtocolHandshake.createSession(ProtocolHandshake.java:362)
	at org.openqa.selenium.remote.ProtocolHandshake.createSession(ProtocolHandshake.java:136)
	at org.openqa.selenium.remote.HttpCommandExecutor.execute(HttpCommandExecutor.java:142)
	at org.openqa.selenium.remote.service.DriverCommandExecutor.execute(DriverCommandExecutor.java:82)
	at org.openqa.selenium.remote.RemoteWebDriver.execute(RemoteWebDriver.java:646)
	at org.openqa.selenium.remote.RemoteWebDriver.startSession(RemoteWebDriver.java:255)
	at org.openqa.selenium.remote.RemoteWebDriver.startSession(RemoteWebDriver.java:237)
	at org.openqa.selenium.remote.RemoteWebDriver.&lt;init&gt;(RemoteWebDriver.java:138)
	at org.openqa.selenium.chrome.ChromeDriver.&lt;init&gt;(ChromeDriver.java:178)
	at org.openqa.selenium.chrome.ChromeDriver.&lt;init&gt;(ChromeDriver.java:167)
	at org.openqa.selenium.chrome.ChromeDriver.&lt;init&gt;(ChromeDriver.java:124)
	at com.excellence.qa.base.BaseClass.initialization(BaseClass.java:73)
	at com.excellence.qa.testcases.DashboardPageTest.setup(DashboardPageTest.java:33)
	at java.base/java.util.ArrayList.forEach(ArrayList.java:1541)
... Removed 45 stack frames
</div> <!-- stack-trace -->
                </div> <!-- method-content -->
              </div> <!-- method -->
              <div class="method">
                <div class="method-content">
                  <a name="verifyClickingOnHolidayCalenderMenu">
                  </a> <!-- verifyClickingOnHolidayCalenderMenu -->
                  <span class="method-name">verifyClickingOnHolidayCalenderMenu</span>
                  <div class="stack-trace">org.openqa.selenium.SessionNotCreatedException: session not created: This version of ChromeDriver only supports Chrome version 93
Current browser version is 95.0.4638.69 with binary path C:\Program Files (x86)\Google\Chrome\Application\chrome.exe
Build info: version: &apos;3.5.3&apos;, revision: &apos;a88d25fe6b&apos;, time: &apos;2017-08-29T12:42:44.417Z&apos;
System info: host: &apos;ISHLTP116&apos;, ip: &apos;192.168.29.131&apos;, os.name: &apos;Windows 10&apos;, os.arch: &apos;amd64&apos;, os.version: &apos;10.0&apos;, java.version: &apos;11.0.10&apos;
Driver info: driver.version: ChromeDriver
remote stacktrace: Backtrace:
	Ordinal0 [0x005FD403+2479107]
	Ordinal0 [0x00597D51+2063697]
	Ordinal0 [0x004A20C8+1056968]
	Ordinal0 [0x004C043A+1180730]
	Ordinal0 [0x004BC355+1164117]
	Ordinal0 [0x004B9B7F+1153919]
	Ordinal0 [0x004E9CBF+1350847]
	Ordinal0 [0x004E992A+1349930]
	Ordinal0 [0x004E583B+1333307]
	Ordinal0 [0x004C1F94+1187732]
	Ordinal0 [0x004C2DE9+1191401]
	GetHandleVerifier [0x0077F3F6+1531734]
	GetHandleVerifier [0x0082E9AE+2249998]
	GetHandleVerifier [0x006839AB+501003]
	GetHandleVerifier [0x00682A29+497033]
	Ordinal0 [0x0059D11D+2085149]
	Ordinal0 [0x005A11C8+2101704]
	Ordinal0 [0x005A1302+2102018]
	Ordinal0 [0x005AAA71+2140785]
	BaseThreadInitThunk [0x7659FA29+25]
	RtlGetAppContainerNamedObjectPath [0x76F27A9E+286]
	RtlGetAppContainerNamedObjectPath [0x76F27A6E+238]

	at org.openqa.selenium.remote.W3CHandshakeResponse.lambda$new$0(W3CHandshakeResponse.java:57)
	at org.openqa.selenium.remote.W3CHandshakeResponse.lambda$getResponseFunction$2(W3CHandshakeResponse.java:104)
	at org.openqa.selenium.remote.ProtocolHandshake.lambda$createSession$24(ProtocolHandshake.java:359)
	at java.base/java.util.stream.ReferencePipeline$3$1.accept(ReferencePipeline.java:195)
	at java.base/java.util.Spliterators$ArraySpliterator.tryAdvance(Spliterators.java:958)
	at java.base/java.util.stream.ReferencePipeline.forEachWithCancel(ReferencePipeline.java:127)
	at java.base/java.util.stream.AbstractPipeline.copyIntoWithCancel(AbstractPipeline.java:502)
	at java.base/java.util.stream.AbstractPipeline.copyInto(AbstractPipeline.java:488)
	at java.base/java.util.stream.AbstractPipeline.wrapAndCopyInto(AbstractPipeline.java:474)
	at java.base/java.util.stream.FindOps$FindOp.evaluateSequential(FindOps.java:150)
	at java.base/java.util.stream.AbstractPipeline.evaluate(AbstractPipeline.java:234)
	at java.base/java.util.stream.ReferencePipeline.findFirst(ReferencePipeline.java:543)
	at org.openqa.selenium.remote.ProtocolHandshake.createSession(ProtocolHandshake.java:362)
	at org.openqa.selenium.remote.ProtocolHandshake.createSession(ProtocolHandshake.java:136)
	at org.openqa.selenium.remote.HttpCommandExecutor.execute(HttpCommandExecutor.java:142)
	at org.openqa.selenium.remote.service.DriverCommandExecutor.execute(DriverCommandExecutor.java:82)
	at org.openqa.selenium.remote.RemoteWebDriver.execute(RemoteWebDriver.java:646)
	at org.openqa.selenium.remote.RemoteWebDriver.startSession(RemoteWebDriver.java:255)
	at org.openqa.selenium.remote.RemoteWebDriver.startSession(RemoteWebDriver.java:237)
	at org.openqa.selenium.remote.RemoteWebDriver.&lt;init&gt;(RemoteWebDriver.java:138)
	at org.openqa.selenium.chrome.ChromeDriver.&lt;init&gt;(ChromeDriver.java:178)
	at org.openqa.selenium.chrome.ChromeDriver.&lt;init&gt;(ChromeDriver.java:167)
	at org.openqa.selenium.chrome.ChromeDriver.&lt;init&gt;(ChromeDriver.java:124)
	at com.excellence.qa.base.BaseClass.initialization(BaseClass.java:73)
	at com.excellence.qa.testcases.DashboardPageTest.setup(DashboardPageTest.java:33)
	at java.base/java.util.ArrayList.forEach(ArrayList.java:1541)
... Removed 45 stack frames
</div> <!-- stack-trace -->
                </div> <!-- method-content -->
              </div> <!-- method -->
            </div> <!-- main-panel-content rounded-window-bottom -->
          </div> <!-- suite-Command_line_suite-class-skipped -->
          <div class="suite-Command_line_suite-class-skipped">
            <div class="main-panel-header rounded-window-top">
              <img src="skipped.png"/>
              <span class="class-name">com.excellence.qa.testcases.LeaveApplicationPageTest</span>
            </div> <!-- main-panel-header rounded-window-top -->
            <div class="main-panel-content rounded-window-bottom">
              <div class="method">
                <div class="method-content">
                  <a name="verificationOfAppliedLeave">
                  </a> <!-- verificationOfAppliedLeave -->
                  <span class="method-name">verificationOfAppliedLeave</span>
                  <div class="stack-trace">org.openqa.selenium.SessionNotCreatedException: session not created: This version of ChromeDriver only supports Chrome version 93
Current browser version is 95.0.4638.69 with binary path C:\Program Files (x86)\Google\Chrome\Application\chrome.exe
Build info: version: &apos;3.5.3&apos;, revision: &apos;a88d25fe6b&apos;, time: &apos;2017-08-29T12:42:44.417Z&apos;
System info: host: &apos;ISHLTP116&apos;, ip: &apos;192.168.29.131&apos;, os.name: &apos;Windows 10&apos;, os.arch: &apos;amd64&apos;, os.version: &apos;10.0&apos;, java.version: &apos;11.0.10&apos;
Driver info: driver.version: ChromeDriver
remote stacktrace: Backtrace:
	Ordinal0 [0x005FD403+2479107]
	Ordinal0 [0x00597D51+2063697]
	Ordinal0 [0x004A20C8+1056968]
	Ordinal0 [0x004C043A+1180730]
	Ordinal0 [0x004BC355+1164117]
	Ordinal0 [0x004B9B7F+1153919]
	Ordinal0 [0x004E9CBF+1350847]
	Ordinal0 [0x004E992A+1349930]
	Ordinal0 [0x004E583B+1333307]
	Ordinal0 [0x004C1F94+1187732]
	Ordinal0 [0x004C2DE9+1191401]
	GetHandleVerifier [0x0077F3F6+1531734]
	GetHandleVerifier [0x0082E9AE+2249998]
	GetHandleVerifier [0x006839AB+501003]
	GetHandleVerifier [0x00682A29+497033]
	Ordinal0 [0x0059D11D+2085149]
	Ordinal0 [0x005A11C8+2101704]
	Ordinal0 [0x005A1302+2102018]
	Ordinal0 [0x005AAA71+2140785]
	BaseThreadInitThunk [0x7659FA29+25]
	RtlGetAppContainerNamedObjectPath [0x76F27A9E+286]
	RtlGetAppContainerNamedObjectPath [0x76F27A6E+238]

	at org.openqa.selenium.remote.W3CHandshakeResponse.lambda$new$0(W3CHandshakeResponse.java:57)
	at org.openqa.selenium.remote.W3CHandshakeResponse.lambda$getResponseFunction$2(W3CHandshakeResponse.java:104)
	at org.openqa.selenium.remote.ProtocolHandshake.lambda$createSession$24(ProtocolHandshake.java:359)
	at java.base/java.util.stream.ReferencePipeline$3$1.accept(ReferencePipeline.java:195)
	at java.base/java.util.Spliterators$ArraySpliterator.tryAdvance(Spliterators.java:958)
	at java.base/java.util.stream.ReferencePipeline.forEachWithCancel(ReferencePipeline.java:127)
	at java.base/java.util.stream.AbstractPipeline.copyIntoWithCancel(AbstractPipeline.java:502)
	at java.base/java.util.stream.AbstractPipeline.copyInto(AbstractPipeline.java:488)
	at java.base/java.util.stream.AbstractPipeline.wrapAndCopyInto(AbstractPipeline.java:474)
	at java.base/java.util.stream.FindOps$FindOp.evaluateSequential(FindOps.java:150)
	at java.base/java.util.stream.AbstractPipeline.evaluate(AbstractPipeline.java:234)
	at java.base/java.util.stream.ReferencePipeline.findFirst(ReferencePipeline.java:543)
	at org.openqa.selenium.remote.ProtocolHandshake.createSession(ProtocolHandshake.java:362)
	at org.openqa.selenium.remote.ProtocolHandshake.createSession(ProtocolHandshake.java:136)
	at org.openqa.selenium.remote.HttpCommandExecutor.execute(HttpCommandExecutor.java:142)
	at org.openqa.selenium.remote.service.DriverCommandExecutor.execute(DriverCommandExecutor.java:82)
	at org.openqa.selenium.remote.RemoteWebDriver.execute(RemoteWebDriver.java:646)
	at org.openqa.selenium.remote.RemoteWebDriver.startSession(RemoteWebDriver.java:255)
	at org.openqa.selenium.remote.RemoteWebDriver.startSession(RemoteWebDriver.java:237)
	at org.openqa.selenium.remote.RemoteWebDriver.&lt;init&gt;(RemoteWebDriver.java:138)
	at org.openqa.selenium.chrome.ChromeDriver.&lt;init&gt;(ChromeDriver.java:178)
	at org.openqa.selenium.chrome.ChromeDriver.&lt;init&gt;(ChromeDriver.java:167)
	at org.openqa.selenium.chrome.ChromeDriver.&lt;init&gt;(ChromeDriver.java:124)
	at com.excellence.qa.base.BaseClass.initialization(BaseClass.java:73)
	at com.excellence.qa.testcases.LeaveApplicationPageTest.setup(LeaveApplicationPageTest.java:32)
	at java.base/java.util.ArrayList.forEach(ArrayList.java:1541)
... Removed 45 stack frames
</div> <!-- stack-trace -->
                </div> <!-- method-content -->
              </div> <!-- method -->
            </div> <!-- main-panel-content rounded-window-bottom -->
          </div> <!-- suite-Command_line_suite-class-skipped -->
        </div> <!-- panel Command_line_suite -->
        <div panel-name="test-xml-Command_line_suite" class="panel">
          <div class="main-panel-header rounded-window-top">
          </div> <!-- main-panel-header rounded-window-top -->
          <div class="main-panel-content rounded-window-bottom">
            <pre>
&lt;?xml version=&quot;1.0&quot; encoding=&quot;UTF-8&quot;?&gt;
&lt;!DOCTYPE suite SYSTEM &quot;https://testng.org/testng-1.0.dtd&quot;&gt;
&lt;suite name=&quot;Command line suite&quot; verbose=&quot;0&quot;&gt;
  &lt;test thread-count=&quot;5&quot; name=&quot;Command line test&quot; verbose=&quot;0&quot;&gt;
    &lt;classes&gt;
      &lt;class name=&quot;com.excellence.qa.testcases.DashboardPageTest&quot;/&gt;
      &lt;class name=&quot;com.excellence.qa.testcases.HolidayCalenderPageTest&quot;/&gt;
      &lt;class name=&quot;com.excellence.qa.testcases.LeaveApplicationPageTest&quot;/&gt;
      &lt;class name=&quot;com.excellence.qa.testcases.LoginPageTest&quot;/&gt;
      &lt;class name=&quot;com.excellence.qa.testcases.MaterialRequestPageTest&quot;/&gt;
    &lt;/classes&gt;
  &lt;/test&gt; &lt;!-- Command line test --&gt;
&lt;/suite&gt; &lt;!-- Command line suite --&gt;
            </pre>
          </div> <!-- main-panel-content rounded-window-bottom -->
        </div> <!-- panel -->
        <div panel-name="testlist-Command_line_suite" class="panel">
          <div class="main-panel-header rounded-window-top">
            <span class="header-content">Tests for Command line suite</span>
          </div> <!-- main-panel-header rounded-window-top -->
          <div class="main-panel-content rounded-window-bottom">
            <ul>
              <li>
                <span class="test-name">Command line test (5 classes)</span>
              </li>
            </ul>
          </div> <!-- main-panel-content rounded-window-bottom -->
        </div> <!-- panel -->
        <div panel-name="group-Command_line_suite" class="panel">
          <div class="main-panel-header rounded-window-top">
            <span class="header-content">Groups for Command line suite</span>
          </div> <!-- main-panel-header rounded-window-top -->
          <div class="main-panel-content rounded-window-bottom">
          </div> <!-- main-panel-content rounded-window-bottom -->
        </div> <!-- panel -->
        <div panel-name="times-Command_line_suite" class="panel">
          <div class="main-panel-header rounded-window-top">
            <span class="header-content">Times for Command line suite</span>
          </div> <!-- main-panel-header rounded-window-top -->
          <div class="main-panel-content rounded-window-bottom">
            <div class="times-div">
              <script type="text/javascript">
suiteTableInitFunctions.push('tableData_Command_line_suite');
function tableData_Command_line_suite() {
var data = new google.visualization.DataTable();
data.addColumn('number', 'Number');
data.addColumn('string', 'Method');
data.addColumn('string', 'Class');
data.addColumn('number', 'Time (ms)');
data.addRows(9);
data.setCell(0, 0, 0)
data.setCell(0, 1, 'verificationOfAppliedLeave')
data.setCell(0, 2, 'com.excellence.qa.testcases.LeaveApplicationPageTest')
data.setCell(0, 3, 0);
data.setCell(1, 0, 1)
data.setCell(1, 1, 'raiseMaterialRequest')
data.setCell(1, 2, 'com.excellence.qa.testcases.MaterialRequestPageTest')
data.setCell(1, 3, 0);
data.setCell(2, 0, 2)
data.setCell(2, 1, 'verifyRestrictedHoliday')
data.setCell(2, 2, 'com.excellence.qa.testcases.HolidayCalenderPageTest')
data.setCell(2, 3, 0);
data.setCell(3, 0, 3)
data.setCell(3, 1, 'verifyLogin')
data.setCell(3, 2, 'com.excellence.qa.testcases.LoginPageTest')
data.setCell(3, 3, 0);
data.setCell(4, 0, 4)
data.setCell(4, 1, 'verifyTitleOfPage')
data.setCell(4, 2, 'com.excellence.qa.testcases.LoginPageTest')
data.setCell(4, 3, 0);
data.setCell(5, 0, 5)
data.setCell(5, 1, 'raiseMaterialRequest')
data.setCell(5, 2, 'com.excellence.qa.testcases.MaterialRequestPageTest')
data.setCell(5, 3, 0);
data.setCell(6, 0, 6)
data.setCell(6, 1, 'openMaterialRequestForm')
data.setCell(6, 2, 'com.excellence.qa.testcases.DashboardPageTest')
data.setCell(6, 3, 0);
data.setCell(7, 0, 7)
data.setCell(7, 1, 'verifyClickingOnHolidayCalenderMenu')
data.setCell(7, 2, 'com.excellence.qa.testcases.DashboardPageTest')
data.setCell(7, 3, 0);
data.setCell(8, 0, 8)
data.setCell(8, 1, 'verifyHoliday')
data.setCell(8, 2, 'com.excellence.qa.testcases.HolidayCalenderPageTest')
data.setCell(8, 3, 0);
window.suiteTableData['Command_line_suite']= { tableData: data, tableDiv: 'times-div-Command_line_suite'}
return data;
}
              </script>
              <span class="suite-total-time">Total running time: 0 ms</span>
              <div id="times-div-Command_line_suite">
              </div> <!-- times-div-Command_line_suite -->
            </div> <!-- times-div -->
          </div> <!-- main-panel-content rounded-window-bottom -->
        </div> <!-- panel -->
        <div panel-name="reporter-Command_line_suite" class="panel">
          <div class="main-panel-header rounded-window-top">
            <span class="header-content">Reporter output for Command line suite</span>
          </div> <!-- main-panel-header rounded-window-top -->
          <div class="main-panel-content rounded-window-bottom">
          </div> <!-- main-panel-content rounded-window-bottom -->
        </div> <!-- panel -->
        <div panel-name="ignored-methods-Command_line_suite" class="panel">
          <div class="main-panel-header rounded-window-top">
            <span class="header-content">1 ignored method</span>
          </div> <!-- main-panel-header rounded-window-top -->
          <div class="main-panel-content rounded-window-bottom">
            <div class="ignored-class-div">
              <span class="ignored-class-name">com.excellence.qa.testcases.LeaveApplicationPageTest</span>
              <div class="ignored-methods-div">
                <span class="ignored-method-name">submitLeaveApplication</span>
                <br/>
              </div> <!-- ignored-methods-div -->
            </div> <!-- ignored-class-div -->
          </div> <!-- main-panel-content rounded-window-bottom -->
        </div> <!-- panel -->
        <div panel-name="chronological-Command_line_suite" class="panel">
          <div class="main-panel-header rounded-window-top">
            <span class="header-content">Methods in chronological order</span>
          </div> <!-- main-panel-header rounded-window-top -->
          <div class="main-panel-content rounded-window-bottom">
            <div class="chronological-class">
              <div class="chronological-class-name">com.excellence.qa.testcases.DashboardPageTest</div> <!-- chronological-class-name -->
              <div class="configuration-method before">
                <img src="failed.png">
                </img>
                <span class="method-name">setup</span>
                <span class="method-start">0 ms</span>
              </div> <!-- configuration-method before -->
              <div class="test-method">
                <span class="method-name">openMaterialRequestForm</span>
                <span class="method-start">7083 ms</span>
              </div> <!-- test-method -->
              <div class="configuration-method after">
                <span class="method-name">closeBrowser</span>
                <span class="method-start">7091 ms</span>
              </div> <!-- configuration-method after -->
              <div class="configuration-method before">
                <span class="method-name">setup</span>
                <span class="method-start">7095 ms</span>
              </div> <!-- configuration-method before -->
              <div class="test-method">
                <span class="method-name">verifyClickingOnHolidayCalenderMenu</span>
                <span class="method-start">7105 ms</span>
              </div> <!-- test-method -->
              <div class="configuration-method after">
                <span class="method-name">closeBrowser</span>
                <span class="method-start">7105 ms</span>
              </div> <!-- configuration-method after -->
            </div> <!-- chronological-class -->
            <div class="chronological-class">
              <div class="chronological-class-name">com.excellence.qa.testcases.HolidayCalenderPageTest</div> <!-- chronological-class-name -->
              <div class="configuration-method before">
                <img src="failed.png">
                </img>
                <span class="method-name">setup</span>
                <span class="method-start">7117 ms</span>
              </div> <!-- configuration-method before -->
              <div class="test-method">
                <span class="method-name">verifyHoliday</span>
                <span class="method-start">8942 ms</span>
              </div> <!-- test-method -->
              <div class="configuration-method after">
                <span class="method-name">closeBrowser</span>
                <span class="method-start">8946 ms</span>
              </div> <!-- configuration-method after -->
              <div class="configuration-method before">
                <span class="method-name">setup</span>
                <span class="method-start">8949 ms</span>
              </div> <!-- configuration-method before -->
              <div class="test-method">
                <span class="method-name">verifyRestrictedHoliday</span>
                <span class="method-start">8949 ms</span>
              </div> <!-- test-method -->
              <div class="configuration-method after">
                <span class="method-name">closeBrowser</span>
                <span class="method-start">8950 ms</span>
              </div> <!-- configuration-method after -->
            </div> <!-- chronological-class -->
            <div class="chronological-class">
              <div class="chronological-class-name">com.excellence.qa.testcases.LeaveApplicationPageTest</div> <!-- chronological-class-name -->
              <div class="configuration-method before">
                <img src="failed.png">
                </img>
                <span class="method-name">setup</span>
                <span class="method-start">8950 ms</span>
              </div> <!-- configuration-method before -->
              <div class="test-method">
                <span class="method-name">verificationOfAppliedLeave</span>
                <span class="method-start">11081 ms</span>
              </div> <!-- test-method -->
              <div class="configuration-method after">
                <span class="method-name">closeBrowser</span>
                <span class="method-start">11082 ms</span>
              </div> <!-- configuration-method after -->
            </div> <!-- chronological-class -->
            <div class="chronological-class">
              <div class="chronological-class-name">com.excellence.qa.testcases.LoginPageTest</div> <!-- chronological-class-name -->
              <div class="configuration-method before">
                <img src="failed.png">
                </img>
                <span class="method-name">setup</span>
                <span class="method-start">11085 ms</span>
              </div> <!-- configuration-method before -->
              <div class="test-method">
                <span class="method-name">verifyLogin</span>
                <span class="method-start">13146 ms</span>
              </div> <!-- test-method -->
              <div class="configuration-method after">
                <span class="method-name">closeBrowser</span>
                <span class="method-start">13146 ms</span>
              </div> <!-- configuration-method after -->
              <div class="configuration-method before">
                <span class="method-name">setup</span>
                <span class="method-start">13147 ms</span>
              </div> <!-- configuration-method before -->
              <div class="test-method">
                <span class="method-name">verifyTitleOfPage</span>
                <span class="method-start">13147 ms</span>
              </div> <!-- test-method -->
              <div class="configuration-method after">
                <span class="method-name">closeBrowser</span>
                <span class="method-start">13147 ms</span>
              </div> <!-- configuration-method after -->
            </div> <!-- chronological-class -->
            <div class="chronological-class">
              <div class="chronological-class-name">com.excellence.qa.testcases.MaterialRequestPageTest</div> <!-- chronological-class-name -->
              <div class="configuration-method before">
                <img src="failed.png">
                </img>
                <span class="method-name">setup</span>
                <span class="method-start">15452 ms</span>
              </div> <!-- configuration-method before -->
              <div class="test-method">
                <span class="method-name">raiseMaterialRequest(pen, 1hr, red, urgent basis)</span>
                <span class="method-start">17180 ms</span>
              </div> <!-- test-method -->
              <div class="configuration-method after">
                <span class="method-name">closeBrowser</span>
                <span class="method-start">17181 ms</span>
              </div> <!-- configuration-method after -->
              <div class="configuration-method before">
                <span class="method-name">setup</span>
                <span class="method-start">17183 ms</span>
              </div> <!-- configuration-method before -->
              <div class="test-method">
                <span class="method-name">raiseMaterialRequest(pad, 2hr, 2 pads, immediately)</span>
                <span class="method-start">17183 ms</span>
              </div> <!-- test-method -->
              <div class="configuration-method after">
                <span class="method-name">closeBrowser</span>
                <span class="method-start">17183 ms</span>
              </div> <!-- configuration-method after -->
          </div> <!-- main-panel-content rounded-window-bottom -->
        </div> <!-- panel -->
      </div> <!-- main-panel-root -->
    </div> <!-- wrapper -->
  </body>
<script type="text/javascript" src="testng-reports2.js"></script>
</html>
